<?xml version="1.0" encoding="UTF-8"?>
<testsuite xmlns:xsi="http://www.w3.org/2001/XMLSchema-instance" xsi:noNamespaceSchemaLocation="https://maven.apache.org/surefire/maven-surefire-plugin/xsd/surefire-test-report-3.0.xsd" version="3.0" name="com.kgc.easybuy.EasyBuyApplicationTests" time="9.289" tests="1" errors="1" skipped="0" failures="0">
  <properties>
[...]
</properties>
  <testcase name="contextLoads" classname="com.kgc.easybuy.EasyBuyApplicationTests" time="0.813">
    <error message="org/junit/jupiter/api/extension/TestInstancePreDestroyCallback" type="java.lang.NoClassDefFoundError"><![CDATA[java.lang.NoClassDefFoundError: org/junit/jupiter/api/extension/TestInstancePreDestroyCallback
	at org.junit.jupiter.engine.descriptor.TestMethodTestDescriptor.invokeTestInstancePreDestroyCallbacks(TestMethodTestDescriptor.java:259)
	at org.junit.jupiter.engine.descriptor.TestMethodTestDescriptor.execute(TestMethodTestDescriptor.java:145)
	at org.junit.jupiter.engine.descriptor.TestMethodTestDescriptor.execute(TestMethodTestDescriptor.java:71)
	at org.junit.platform.engine.support.hierarchical.NodeTestTask.lambda$executeRecursively$5(NodeTestTask.java:135)
	at org.junit.platform.engine.support.hierarchical.ThrowableCollector.execute(ThrowableCollector.java:73)
	at org.junit.platform.engine.support.hierarchical.NodeTestTask.lambda$executeRecursively$7(NodeTestTask.java:125)
	at org.junit.platform.engine.support.hierarchical.Node.around(Node.java:135)
	at org.junit.platform.engine.support.hierarchical.NodeTestTask.lambda$executeRecursively$8(NodeTestTask.java:123)
	at org.junit.platform.engine.support.hierarchical.ThrowableCollector.execute(ThrowableCollector.java:73)
	at org.junit.platform.engine.support.hierarchical.NodeTestTask.executeRecursively(NodeTestTask.java:122)
	at org.junit.platform.engine.support.hierarchical.NodeTestTask.execute(NodeTestTask.java:80)
	at java.base/java.util.ArrayList.forEach(ArrayList.java:1511)
	at org.junit.platform.engine.support.hierarchical.SameThreadHierarchicalTestExecutorService.invokeAll(SameThreadHierarchicalTestExecutorService.java:38)
	at org.junit.platform.engine.support.hierarchical.NodeTestTask.lambda$executeRecursively$5(NodeTestTask.java:139)
	at org.junit.platform.engine.support.hierarchical.ThrowableCollector.execute(ThrowableCollector.java:73)
	at org.junit.platform.engine.support.hierarchical.NodeTestTask.lambda$executeRecursively$7(NodeTestTask.java:125)
	at org.junit.platform.engine.support.hierarchical.Node.around(Node.java:135)
	at org.junit.platform.engine.support.hierarchical.NodeTestTask.lambda$executeRecursively$8(NodeTestTask.java:123)
	at org.junit.platform.engine.support.hierarchical.ThrowableCollector.execute(ThrowableCollector.java:73)
	at org.junit.platform.engine.support.hierarchical.NodeTestTask.executeRecursively(NodeTestTask.java:122)
	at org.junit.platform.engine.support.hierarchical.NodeTestTask.execute(NodeTestTask.java:80)
	at java.base/java.util.ArrayList.forEach(ArrayList.java:1511)
	at org.junit.platform.engine.support.hierarchical.SameThreadHierarchicalTestExecutorService.invokeAll(SameThreadHierarchicalTestExecutorService.java:38)
	at org.junit.platform.engine.support.hierarchical.NodeTestTask.lambda$executeRecursively$5(NodeTestTask.java:139)
	at org.junit.platform.engine.support.hierarchical.ThrowableCollector.execute(ThrowableCollector.java:73)
	at org.junit.platform.engine.support.hierarchical.NodeTestTask.lambda$executeRecursively$7(NodeTestTask.java:125)
	at org.junit.platform.engine.support.hierarchical.Node.around(Node.java:135)
	at org.junit.platform.engine.support.hierarchical.NodeTestTask.lambda$executeRecursively$8(NodeTestTask.java:123)
	at org.junit.platform.engine.support.hierarchical.ThrowableCollector.execute(ThrowableCollector.java:73)
	at org.junit.platform.engine.support.hierarchical.NodeTestTask.executeRecursively(NodeTestTask.java:122)
	at org.junit.platform.engine.support.hierarchical.NodeTestTask.execute(NodeTestTask.java:80)
	at org.junit.platform.engine.support.hierarchical.SameThreadHierarchicalTestExecutorService.submit(SameThreadHierarchicalTestExecutorService.java:32)
	at org.junit.platform.engine.support.hierarchical.HierarchicalTestExecutor.execute(HierarchicalTestExecutor.java:57)
	at org.junit.platform.engine.support.hierarchical.HierarchicalTestEngine.execute(HierarchicalTestEngine.java:51)
	at org.junit.platform.launcher.core.DefaultLauncher.execute(DefaultLauncher.java:248)
	at org.junit.platform.launcher.core.DefaultLauncher.lambda$execute$5(DefaultLauncher.java:211)
	at org.junit.platform.launcher.core.DefaultLauncher.withInterceptedStreams(DefaultLauncher.java:226)
	at org.junit.platform.launcher.core.DefaultLauncher.execute(DefaultLauncher.java:199)
	at org.junit.platform.launcher.core.DefaultLauncher.execute(DefaultLauncher.java:132)
	at org.apache.maven.surefire.junitplatform.LazyLauncher.execute(LazyLauncher.java:50)
	at org.apache.maven.surefire.junitplatform.JUnitPlatformProvider.execute(JUnitPlatformProvider.java:184)
	at org.apache.maven.surefire.junitplatform.JUnitPlatformProvider.invokeAllTests(JUnitPlatformProvider.java:148)
	at org.apache.maven.surefire.junitplatform.JUnitPlatformProvider.invoke(JUnitPlatformProvider.java:122)
	at org.apache.maven.surefire.booter.ForkedBooter.runSuitesInProcess(ForkedBooter.java:385)
	at org.apache.maven.surefire.booter.ForkedBooter.execute(ForkedBooter.java:162)
	at org.apache.maven.surefire.booter.ForkedBooter.run(ForkedBooter.java:507)
	at org.apache.maven.surefire.booter.ForkedBooter.main(ForkedBooter.java:495)
Caused by: java.lang.ClassNotFoundException: org.junit.jupiter.api.extension.TestInstancePreDestroyCallback
	at java.base/jdk.internal.loader.BuiltinClassLoader.loadClass(BuiltinClassLoader.java:641)
	at java.base/jdk.internal.loader.ClassLoaders$AppClassLoader.loadClass(ClassLoaders.java:188)
	at java.base/java.lang.ClassLoader.loadClass(ClassLoader.java:521)
	... 47 more
]]></error>
    <system-out><![CDATA[14:14:07.990 [main] DEBUG org.springframework.test.context.BootstrapUtils - Instantiating CacheAwareContextLoaderDelegate from class [org.springframework.test.context.cache.DefaultCacheAwareContextLoaderDelegate]
14:14:08.021 [main] DEBUG org.springframework.test.context.BootstrapUtils - Instantiating BootstrapContext using constructor [public org.springframework.test.context.support.DefaultBootstrapContext(java.lang.Class,org.springframework.test.context.CacheAwareContextLoaderDelegate)]
14:14:08.083 [main] DEBUG org.springframework.test.context.BootstrapUtils - Instantiating TestContextBootstrapper for test class [com.kgc.easybuy.EasyBuyApplicationTests] from class [org.springframework.boot.test.context.SpringBootTestContextBootstrapper]
14:14:08.129 [main] INFO org.springframework.boot.test.context.SpringBootTestContextBootstrapper - Neither @ContextConfiguration nor @ContextHierarchy found for test class [com.kgc.easybuy.EasyBuyApplicationTests], using SpringBootContextLoader
14:14:08.136 [main] DEBUG org.springframework.test.context.support.AbstractContextLoader - Did not detect default resource location for test class [com.kgc.easybuy.EasyBuyApplicationTests]: class path resource [com/kgc/easybuy/EasyBuyApplicationTests-context.xml] does not exist
14:14:08.136 [main] DEBUG org.springframework.test.context.support.AbstractContextLoader - Did not detect default resource location for test class [com.kgc.easybuy.EasyBuyApplicationTests]: class path resource [com/kgc/easybuy/EasyBuyApplicationTestsContext.groovy] does not exist
14:14:08.137 [main] INFO org.springframework.test.context.support.AbstractContextLoader - Could not detect default resource locations for test class [com.kgc.easybuy.EasyBuyApplicationTests]: no resource found for suffixes {-context.xml, Context.groovy}.
14:14:08.138 [main] INFO org.springframework.test.context.support.AnnotationConfigContextLoaderUtils - Could not detect default configuration classes for test class [com.kgc.easybuy.EasyBuyApplicationTests]: EasyBuyApplicationTests does not declare any static, non-private, non-final, nested classes annotated with @Configuration.
14:14:08.220 [main] DEBUG org.springframework.test.context.support.ActiveProfilesUtils - Could not find an 'annotation declaring class' for annotation type [org.springframework.test.context.ActiveProfiles] and class [com.kgc.easybuy.EasyBuyApplicationTests]
14:14:08.455 [main] DEBUG org.springframework.context.annotation.ClassPathScanningCandidateComponentProvider - Identified candidate component class: file [D:\IdeaProject\springboot\easyBuy\target\classes\com\kgc\easybuy\EasyBuyApplication.class]
14:14:08.458 [main] INFO org.springframework.boot.test.context.SpringBootTestContextBootstrapper - Found @SpringBootConfiguration com.kgc.easybuy.EasyBuyApplication for test class com.kgc.easybuy.EasyBuyApplicationTests
14:14:08.711 [main] DEBUG org.springframework.boot.test.context.SpringBootTestContextBootstrapper - @TestExecutionListeners is not present for class [com.kgc.easybuy.EasyBuyApplicationTests]: using defaults.
14:14:08.712 [main] INFO org.springframework.boot.test.context.SpringBootTestContextBootstrapper - Loaded default TestExecutionListener class names from location [META-INF/spring.factories]: [org.springframework.boot.test.mock.mockito.MockitoTestExecutionListener, org.springframework.boot.test.mock.mockito.ResetMocksTestExecutionListener, org.springframework.boot.test.autoconfigure.restdocs.RestDocsTestExecutionListener, org.springframework.boot.test.autoconfigure.web.client.MockRestServiceServerResetTestExecutionListener, org.springframework.boot.test.autoconfigure.web.servlet.MockMvcPrintOnlyOnFailureTestExecutionListener, org.springframework.boot.test.autoconfigure.web.servlet.WebDriverTestExecutionListener, org.springframework.boot.test.autoconfigure.webservices.client.MockWebServiceServerTestExecutionListener, org.springframework.test.context.web.ServletTestExecutionListener, org.springframework.test.context.support.DirtiesContextBeforeModesTestExecutionListener, org.springframework.test.context.support.DependencyInjectionTestExecutionListener, org.springframework.test.context.support.DirtiesContextTestExecutionListener, org.springframework.test.context.transaction.TransactionalTestExecutionListener, org.springframework.test.context.jdbc.SqlScriptsTestExecutionListener, org.springframework.test.context.event.EventPublishingTestExecutionListener]
14:14:08.742 [main] INFO org.springframework.boot.test.context.SpringBootTestContextBootstrapper - Using TestExecutionListeners: [org.springframework.test.context.web.ServletTestExecutionListener@6127a7e, org.springframework.test.context.support.DirtiesContextBeforeModesTestExecutionListener@6bbe2511, org.springframework.boot.test.mock.mockito.MockitoTestExecutionListener@495fac5f, org.springframework.boot.test.autoconfigure.SpringBootDependencyInjectionTestExecutionListener@76012793, org.springframework.test.context.support.DirtiesContextTestExecutionListener@635572a7, org.springframework.test.context.transaction.TransactionalTestExecutionListener@79d94571, org.springframework.test.context.jdbc.SqlScriptsTestExecutionListener@4dd02341, org.springframework.test.context.event.EventPublishingTestExecutionListener@3212a8d7, org.springframework.boot.test.mock.mockito.ResetMocksTestExecutionListener@7a1a3478, org.springframework.boot.test.autoconfigure.restdocs.RestDocsTestExecutionListener@495b0487, org.springframework.boot.test.autoconfigure.web.client.MockRestServiceServerResetTestExecutionListener@55dfcc6, org.springframework.boot.test.autoconfigure.web.servlet.MockMvcPrintOnlyOnFailureTestExecutionListener@222eb8aa, org.springframework.boot.test.autoconfigure.web.servlet.WebDriverTestExecutionListener@93cf163, org.springframework.boot.test.autoconfigure.webservices.client.MockWebServiceServerTestExecutionListener@1852a3ff]
14:14:08.750 [main] DEBUG org.springframework.test.context.support.AbstractDirtiesContextTestExecutionListener - Before test class: context [DefaultTestContext@5d5f10b2 testClass = EasyBuyApplicationTests, testInstance = [null], testMethod = [null], testException = [null], mergedContextConfiguration = [WebMergedContextConfiguration@74c79fa2 testClass = EasyBuyApplicationTests, locations = '{}', classes = '{class com.kgc.easybuy.EasyBuyApplication}', contextInitializerClasses = '[]', activeProfiles = '{}', propertySourceLocations = '{}', propertySourceProperties = '{org.springframework.boot.test.context.SpringBootTestContextBootstrapper=true}', contextCustomizers = set[org.springframework.boot.test.context.filter.ExcludeFilterContextCustomizer@235ecd9f, org.springframework.boot.test.json.DuplicateJsonObjectContextCustomizerFactory$DuplicateJsonObjectContextCustomizer@2034b64c, org.springframework.boot.test.mock.mockito.MockitoContextCustomizer@0, org.springframework.boot.test.web.client.TestRestTemplateContextCustomizer@4a83a74a, org.springframework.boot.test.autoconfigure.properties.PropertyMappingContextCustomizer@0, org.springframework.boot.test.autoconfigure.web.servlet.WebDriverContextCustomizerFactory$Customizer@1caa0244, org.springframework.boot.test.context.SpringBootTestArgs@1, org.springframework.boot.test.context.SpringBootTestWebEnvironment@2bbaf4f0], resourceBasePath = 'src/main/webapp', contextLoader = 'org.springframework.boot.test.context.SpringBootContextLoader', parent = [null]], attributes = map['org.springframework.test.context.web.ServletTestExecutionListener.activateListener' -> true]], class annotated with @DirtiesContext [false] with mode [null].
14:14:08.800 [main] DEBUG org.springframework.test.context.support.TestPropertySourceUtils - Adding inlined properties to environment: {spring.jmx.enabled=false, org.springframework.boot.test.context.SpringBootTestContextBootstrapper=true}
2024-03-20 14:14:09.154 DEBUG 28292 --- [           main] .c.l.ClasspathLoggingApplicationListener : Application started with classpath: unknown

  .   ____          _            __ _ _
 /\\ / ___'_ __ _ _(_)_ __  __ _ \ \ \ \
( ( )\___ | '_ | '_| | '_ \/ _` | \ \ \ \
 \\/  ___)| |_)| | | | | || (_| |  ) ) ) )
  '  |____| .__|_| |_|_| |_\__, | / / / /
 =========|_|==============|___/=/_/_/_/
 :: Spring Boot ::       (v2.3.12.RELEASE)

2024-03-20 14:14:09.232  INFO 28292 --- [           main] com.kgc.easybuy.EasyBuyApplicationTests  : Starting EasyBuyApplicationTests on NRAG-E1QMX8 with PID 28292 (started by daidai in D:\IdeaProject\springboot\easyBuy)
2024-03-20 14:14:09.233 DEBUG 28292 --- [           main] com.kgc.easybuy.EasyBuyApplicationTests  : Running with Spring Boot v2.3.12.RELEASE, Spring v5.2.15.RELEASE
2024-03-20 14:14:09.234  INFO 28292 --- [           main] com.kgc.easybuy.EasyBuyApplicationTests  : No active profile set, falling back to default profiles: default
2024-03-20 14:14:09.234 DEBUG 28292 --- [           main] o.s.boot.SpringApplication               : Loading source class com.kgc.easybuy.EasyBuyApplication
2024-03-20 14:14:09.279 DEBUG 28292 --- [           main] o.s.b.c.c.ConfigFileApplicationListener  : Loaded config file 'file:/D:/IdeaProject/springboot/easyBuy/target/classes/application.properties' (classpath:/application.properties)
2024-03-20 14:14:09.282 DEBUG 28292 --- [           main] o.s.w.c.s.GenericWebApplicationContext   : Refreshing org.springframework.web.context.support.GenericWebApplicationContext@4a8a60bc
2024-03-20 14:14:09.307 DEBUG 28292 --- [           main] o.s.b.f.s.DefaultListableBeanFactory     : Creating shared instance of singleton bean 'org.springframework.context.annotation.internalConfigurationAnnotationProcessor'
2024-03-20 14:14:09.326 DEBUG 28292 --- [           main] o.s.b.f.s.DefaultListableBeanFactory     : Creating shared instance of singleton bean 'org.springframework.boot.autoconfigure.internalCachingMetadataReaderFactory'
2024-03-20 14:14:09.405 DEBUG 28292 --- [           main] o.s.c.a.ClassPathBeanDefinitionScanner   : Identified candidate component class: file [D:\IdeaProject\springboot\easyBuy\target\classes\com\kgc\easybuy\aop\Logg.class]
2024-03-20 14:14:09.407 DEBUG 28292 --- [           main] o.s.c.a.ClassPathBeanDefinitionScanner   : Identified candidate component class: file [D:\IdeaProject\springboot\easyBuy\target\classes\com\kgc\easybuy\config\AlipayRunner.class]
2024-03-20 14:14:09.409 DEBUG 28292 --- [           main] o.s.c.a.ClassPathBeanDefinitionScanner   : Ignored because not a concrete top-level class: file [D:\IdeaProject\springboot\easyBuy\target\classes\com\kgc\easybuy\config\ProductEsRepository.class]
2024-03-20 14:14:09.427 DEBUG 28292 --- [           main] o.s.c.a.ClassPathBeanDefinitionScanner   : Identified candidate component class: file [D:\IdeaProject\springboot\easyBuy\target\classes\com\kgc\easybuy\config\SendEmail.class]
2024-03-20 14:14:09.437 DEBUG 28292 --- [           main] o.s.c.a.ClassPathBeanDefinitionScanner   : Identified candidate component class: file [D:\IdeaProject\springboot\easyBuy\target\classes\com\kgc\easybuy\controller\AlipayController.class]
2024-03-20 14:14:09.442 DEBUG 28292 --- [           main] o.s.c.a.ClassPathBeanDefinitionScanner   : Identified candidate component class: file [D:\IdeaProject\springboot\easyBuy\target\classes\com\kgc\easybuy\controller\CatController.class]
2024-03-20 14:14:09.444 DEBUG 28292 --- [           main] o.s.c.a.ClassPathBeanDefinitionScanner   : Identified candidate component class: file [D:\IdeaProject\springboot\easyBuy\target\classes\com\kgc\easybuy\controller\CategoryController.class]
2024-03-20 14:14:09.446 DEBUG 28292 --- [           main] o.s.c.a.ClassPathBeanDefinitionScanner   : Identified candidate component class: file [D:\IdeaProject\springboot\easyBuy\target\classes\com\kgc\easybuy\controller\NewsController.class]
2024-03-20 14:14:09.448 DEBUG 28292 --- [           main] o.s.c.a.ClassPathBeanDefinitionScanner   : Identified candidate component class: file [D:\IdeaProject\springboot\easyBuy\target\classes\com\kgc\easybuy\controller\ProductController.class]
2024-03-20 14:14:09.450 DEBUG 28292 --- [           main] o.s.c.a.ClassPathBeanDefinitionScanner   : Identified candidate component class: file [D:\IdeaProject\springboot\easyBuy\target\classes\com\kgc\easybuy\controller\UserController.class]
2024-03-20 14:14:09.457 DEBUG 28292 --- [           main] o.s.c.a.ClassPathBeanDefinitionScanner   : Ignored because not a concrete top-level class: file [D:\IdeaProject\springboot\easyBuy\target\classes\com\kgc\easybuy\dao\UserMapper.class]
2024-03-20 14:14:09.458 DEBUG 28292 --- [           main] o.s.c.a.ClassPathBeanDefinitionScanner   : Identified candidate component class: file [D:\IdeaProject\springboot\easyBuy\target\classes\com\kgc\easybuy\pojo\AlipayDBPojo.class]
2024-03-20 14:14:09.460 DEBUG 28292 --- [           main] o.s.c.a.ClassPathBeanDefinitionScanner   : Identified candidate component class: file [D:\IdeaProject\springboot\easyBuy\target\classes\com\kgc\easybuy\pojo\AlipayPojo.class]
2024-03-20 14:14:09.471 DEBUG 28292 --- [           main] o.s.c.a.ClassPathBeanDefinitionScanner   : Identified candidate component class: file [D:\IdeaProject\springboot\easyBuy\target\classes\com\kgc\easybuy\service\impl\AlipayServiceImpl.class]
2024-03-20 14:14:09.472 DEBUG 28292 --- [           main] o.s.c.a.ClassPathBeanDefinitionScanner   : Identified candidate component class: file [D:\IdeaProject\springboot\easyBuy\target\classes\com\kgc\easybuy\service\impl\CatServiceImpl.class]
2024-03-20 14:14:09.474 DEBUG 28292 --- [           main] o.s.c.a.ClassPathBeanDefinitionScanner   : Identified candidate component class: file [D:\IdeaProject\springboot\easyBuy\target\classes\com\kgc\easybuy\service\impl\CategoryServiceImpl.class]
2024-03-20 14:14:09.475 DEBUG 28292 --- [           main] o.s.c.a.ClassPathBeanDefinitionScanner   : Identified candidate component class: file [D:\IdeaProject\springboot\easyBuy\target\classes\com\kgc\easybuy\service\impl\NewsServiceImpl.class]
2024-03-20 14:14:09.476 DEBUG 28292 --- [           main] o.s.c.a.ClassPathBeanDefinitionScanner   : Identified candidate component class: file [D:\IdeaProject\springboot\easyBuy\target\classes\com\kgc\easybuy\service\impl\ProductServiceImpl.class]
2024-03-20 14:14:09.477 DEBUG 28292 --- [           main] o.s.c.a.ClassPathBeanDefinitionScanner   : Identified candidate component class: file [D:\IdeaProject\springboot\easyBuy\target\classes\com\kgc\easybuy\service\impl\UserServiceImpl.class]
2024-03-20 14:14:09.480 DEBUG 28292 --- [           main] o.s.c.a.ClassPathBeanDefinitionScanner   : Identified candidate component class: file [D:\IdeaProject\springboot\easyBuy\target\classes\com\kgc\easybuy\util\RedisUtil.class]
2024-03-20 14:14:09.819 DEBUG 28292 --- [           main] o.s.c.e.PropertySourcesPropertyResolver  : Found key 'spring.datasource.type' in PropertySource 'configurationProperties' with value of type String
2024-03-20 14:14:09.823 DEBUG 28292 --- [           main] o.s.c.e.PropertySourcesPropertyResolver  : Found key 'spring.datasource.type' in PropertySource 'configurationProperties' with value of type String
2024-03-20 14:14:09.825 DEBUG 28292 --- [           main] o.s.c.e.PropertySourcesPropertyResolver  : Found key 'spring.datasource.type' in PropertySource 'configurationProperties' with value of type String
2024-03-20 14:14:09.826 DEBUG 28292 --- [           main] o.s.c.e.PropertySourcesPropertyResolver  : Found key 'spring.jmx.enabled' in PropertySource 'configurationProperties' with value of type String
2024-03-20 14:14:09.828 DEBUG 28292 --- [           main] o.s.c.e.PropertySourcesPropertyResolver  : Found key 'spring.datasource.url' in PropertySource 'configurationProperties' with value of type String
2024-03-20 14:14:09.840 DEBUG 28292 --- [           main] o.s.c.e.PropertySourcesPropertyResolver  : Found key 'spring.jmx.enabled' in PropertySource 'configurationProperties' with value of type String
2024-03-20 14:14:09.929 DEBUG 28292 --- [           main] o.s.c.e.PropertySourcesPropertyResolver  : Found key 'spring.mail.host' in PropertySource 'configurationProperties' with value of type String
2024-03-20 14:14:09.933 DEBUG 28292 --- [           main] o.s.c.e.PropertySourcesPropertyResolver  : Found key 'spring.mail.host' in PropertySource 'configurationProperties' with value of type String
2024-03-20 14:14:09.934 DEBUG 28292 --- [           main] o.s.c.e.PropertySourcesPropertyResolver  : Found key 'spring.mail.test-connection' in PropertySource 'configurationProperties' with value of type String
2024-03-20 14:14:09.964 DEBUG 28292 --- [           main] org.apache.ibatis.logging.LogFactory     : Logging initialized using 'class org.apache.ibatis.logging.slf4j.Slf4jImpl' adapter.
2024-03-20 14:14:09.970 DEBUG 28292 --- [           main] o.m.s.mapper.ClassPathMapperScanner      : Identified candidate component class: file [D:\IdeaProject\springboot\easyBuy\target\classes\com\kgc\easybuy\dao\AlipayDao.class]
2024-03-20 14:14:09.970 DEBUG 28292 --- [           main] o.m.s.mapper.ClassPathMapperScanner      : Identified candidate component class: file [D:\IdeaProject\springboot\easyBuy\target\classes\com\kgc\easybuy\dao\CatMapper.class]
2024-03-20 14:14:09.970 DEBUG 28292 --- [           main] o.m.s.mapper.ClassPathMapperScanner      : Identified candidate component class: file [D:\IdeaProject\springboot\easyBuy\target\classes\com\kgc\easybuy\dao\CategoryMapper.class]
2024-03-20 14:14:09.970 DEBUG 28292 --- [           main] o.m.s.mapper.ClassPathMapperScanner      : Identified candidate component class: file [D:\IdeaProject\springboot\easyBuy\target\classes\com\kgc\easybuy\dao\NewsMapper.class]
2024-03-20 14:14:09.971 DEBUG 28292 --- [           main] o.m.s.mapper.ClassPathMapperScanner      : Identified candidate component class: file [D:\IdeaProject\springboot\easyBuy\target\classes\com\kgc\easybuy\dao\ProductMapper.class]
2024-03-20 14:14:09.971 DEBUG 28292 --- [           main] o.m.s.mapper.ClassPathMapperScanner      : Identified candidate component class: file [D:\IdeaProject\springboot\easyBuy\target\classes\com\kgc\easybuy\dao\UserMapper.class]
2024-03-20 14:14:09.971 DEBUG 28292 --- [           main] o.m.s.mapper.ClassPathMapperScanner      : Creating MapperFactoryBean with name 'alipayDao' and 'com.kgc.easybuy.dao.AlipayDao' mapperInterface
2024-03-20 14:14:09.972 DEBUG 28292 --- [           main] o.m.s.mapper.ClassPathMapperScanner      : Enabling autowire by type for MapperFactoryBean with name 'alipayDao'.
2024-03-20 14:14:09.972 DEBUG 28292 --- [           main] o.m.s.mapper.ClassPathMapperScanner      : Creating MapperFactoryBean with name 'catMapper' and 'com.kgc.easybuy.dao.CatMapper' mapperInterface
2024-03-20 14:14:09.972 DEBUG 28292 --- [           main] o.m.s.mapper.ClassPathMapperScanner      : Enabling autowire by type for MapperFactoryBean with name 'catMapper'.
2024-03-20 14:14:09.972 DEBUG 28292 --- [           main] o.m.s.mapper.ClassPathMapperScanner      : Creating MapperFactoryBean with name 'categoryMapper' and 'com.kgc.easybuy.dao.CategoryMapper' mapperInterface
2024-03-20 14:14:09.972 DEBUG 28292 --- [           main] o.m.s.mapper.ClassPathMapperScanner      : Enabling autowire by type for MapperFactoryBean with name 'categoryMapper'.
2024-03-20 14:14:09.972 DEBUG 28292 --- [           main] o.m.s.mapper.ClassPathMapperScanner      : Creating MapperFactoryBean with name 'newsMapper' and 'com.kgc.easybuy.dao.NewsMapper' mapperInterface
2024-03-20 14:14:09.972 DEBUG 28292 --- [           main] o.m.s.mapper.ClassPathMapperScanner      : Enabling autowire by type for MapperFactoryBean with name 'newsMapper'.
2024-03-20 14:14:09.973 DEBUG 28292 --- [           main] o.m.s.mapper.ClassPathMapperScanner      : Creating MapperFactoryBean with name 'productMapper' and 'com.kgc.easybuy.dao.ProductMapper' mapperInterface
2024-03-20 14:14:09.973 DEBUG 28292 --- [           main] o.m.s.mapper.ClassPathMapperScanner      : Enabling autowire by type for MapperFactoryBean with name 'productMapper'.
2024-03-20 14:14:09.973 DEBUG 28292 --- [           main] o.m.s.mapper.ClassPathMapperScanner      : Creating MapperFactoryBean with name 'userMapper' and 'com.kgc.easybuy.dao.UserMapper' mapperInterface
2024-03-20 14:14:09.973 DEBUG 28292 --- [           main] o.m.s.mapper.ClassPathMapperScanner      : Enabling autowire by type for MapperFactoryBean with name 'userMapper'.
2024-03-20 14:14:10.061 DEBUG 28292 --- [           main] o.s.c.e.PropertySourcesPropertyResolver  : Found key 'spring.datasource.type' in PropertySource 'configurationProperties' with value of type String
2024-03-20 14:14:10.120  INFO 28292 --- [           main] .s.d.r.c.RepositoryConfigurationDelegate : Multiple Spring Data modules found, entering strict repository configuration mode!
2024-03-20 14:14:10.122  INFO 28292 --- [           main] .s.d.r.c.RepositoryConfigurationDelegate : Bootstrapping Spring Data Elasticsearch repositories in DEFAULT mode.
2024-03-20 14:14:10.127 DEBUG 28292 --- [           main] o.s.b.f.s.DefaultListableBeanFactory     : Creating shared instance of singleton bean 'org.springframework.boot.autoconfigure.AutoConfigurationPackages'
2024-03-20 14:14:10.133 DEBUG 28292 --- [           main] o.s.b.a.AutoConfigurationPackages        : @EnableAutoConfiguration was declared on a class in the package 'com.kgc.easybuy'. Automatic @Repository and @Entity scanning is enabled.
2024-03-20 14:14:10.135 DEBUG 28292 --- [           main] .s.d.r.c.RepositoryConfigurationDelegate : Scanning for Elasticsearch repositories in packages com.kgc.easybuy.
2024-03-20 14:14:10.146 DEBUG 28292 --- [           main] o.s.d.r.c.RepositoryComponentProvider    : Identified candidate component class: file [D:\IdeaProject\springboot\easyBuy\target\classes\com\kgc\easybuy\config\ProductEsRepository.class]
2024-03-20 14:14:10.307 DEBUG 28292 --- [           main] ssPathScanningCandidateComponentProvider : Identified candidate component class: file [D:\IdeaProject\springboot\easyBuy\target\classes\com\kgc\easybuy\service\impl\AlipayServiceImpl.class]
2024-03-20 14:14:10.307 DEBUG 28292 --- [           main] ssPathScanningCandidateComponentProvider : Identified candidate component class: file [D:\IdeaProject\springboot\easyBuy\target\classes\com\kgc\easybuy\service\impl\CatServiceImpl.class]
2024-03-20 14:14:10.307 DEBUG 28292 --- [           main] ssPathScanningCandidateComponentProvider : Identified candidate component class: file [D:\IdeaProject\springboot\easyBuy\target\classes\com\kgc\easybuy\service\impl\CategoryServiceImpl.class]
2024-03-20 14:14:10.307 DEBUG 28292 --- [           main] ssPathScanningCandidateComponentProvider : Identified candidate component class: file [D:\IdeaProject\springboot\easyBuy\target\classes\com\kgc\easybuy\service\impl\NewsServiceImpl.class]
2024-03-20 14:14:10.307 DEBUG 28292 --- [           main] ssPathScanningCandidateComponentProvider : Identified candidate component class: file [D:\IdeaProject\springboot\easyBuy\target\classes\com\kgc\easybuy\service\impl\ProductServiceImpl.class]
2024-03-20 14:14:10.308 DEBUG 28292 --- [           main] ssPathScanningCandidateComponentProvider : Identified candidate component class: file [D:\IdeaProject\springboot\easyBuy\target\classes\com\kgc\easybuy\service\impl\UserServiceImpl.class]
2024-03-20 14:14:10.356  INFO 28292 --- [           main] .s.d.r.c.RepositoryConfigurationDelegate : Finished Spring Data repository scanning in 221ms. Found 1 Elasticsearch repository interfaces.
2024-03-20 14:14:10.363  INFO 28292 --- [           main] .s.d.r.c.RepositoryConfigurationDelegate : Multiple Spring Data modules found, entering strict repository configuration mode!
2024-03-20 14:14:10.363  INFO 28292 --- [           main] .s.d.r.c.RepositoryConfigurationDelegate : Bootstrapping Spring Data Reactive Elasticsearch repositories in DEFAULT mode.
2024-03-20 14:14:10.364 DEBUG 28292 --- [           main] .s.d.r.c.RepositoryConfigurationDelegate : Scanning for Reactive Elasticsearch repositories in packages com.kgc.easybuy.
2024-03-20 14:14:10.377 DEBUG 28292 --- [           main] o.s.d.r.c.RepositoryComponentProvider    : Identified candidate component class: file [D:\IdeaProject\springboot\easyBuy\target\classes\com\kgc\easybuy\config\ProductEsRepository.class]
2024-03-20 14:14:10.380  INFO 28292 --- [           main] .RepositoryConfigurationExtensionSupport : Spring Data Reactive Elasticsearch - Could not safely identify store assignment for repository candidate interface com.kgc.easybuy.config.ProductEsRepository. If you want this repository to be a Reactive Elasticsearch repository, consider annotating your entities with one of these annotations: org.springframework.data.elasticsearch.annotations.Document (preferred), or consider extending one of the following types with your repository: org.springframework.data.elasticsearch.repository.ReactiveElasticsearchRepository.
2024-03-20 14:14:10.380  INFO 28292 --- [           main] .s.d.r.c.RepositoryConfigurationDelegate : Finished Spring Data repository scanning in 16ms. Found 0 Reactive Elasticsearch repository interfaces.
2024-03-20 14:14:10.401  INFO 28292 --- [           main] .s.d.r.c.RepositoryConfigurationDelegate : Multiple Spring Data modules found, entering strict repository configuration mode!
2024-03-20 14:14:10.403  INFO 28292 --- [           main] .s.d.r.c.RepositoryConfigurationDelegate : Bootstrapping Spring Data Redis repositories in DEFAULT mode.
2024-03-20 14:14:10.411 DEBUG 28292 --- [           main] .s.d.r.c.RepositoryConfigurationDelegate : Scanning for Redis repositories in packages com.kgc.easybuy.
2024-03-20 14:14:10.416 DEBUG 28292 --- [           main] o.s.d.r.c.RepositoryComponentProvider    : Identified candidate component class: file [D:\IdeaProject\springboot\easyBuy\target\classes\com\kgc\easybuy\config\ProductEsRepository.class]
2024-03-20 14:14:10.418  INFO 28292 --- [           main] .RepositoryConfigurationExtensionSupport : Spring Data Redis - Could not safely identify store assignment for repository candidate interface com.kgc.easybuy.config.ProductEsRepository. If you want this repository to be a Redis repository, consider annotating your entities with one of these annotations: org.springframework.data.redis.core.RedisHash (preferred), or consider extending one of the following types with your repository: org.springframework.data.keyvalue.repository.KeyValueRepository.
2024-03-20 14:14:10.418  INFO 28292 --- [           main] .s.d.r.c.RepositoryConfigurationDelegate : Finished Spring Data repository scanning in 6ms. Found 0 Redis repository interfaces.
2024-03-20 14:14:10.451 DEBUG 28292 --- [           main] o.s.c.e.PropertySourcesPropertyResolver  : Found key 'spring.mail.host' in PropertySource 'configurationProperties' with value of type String
2024-03-20 14:14:10.639 DEBUG 28292 --- [           main] o.s.b.f.s.DefaultListableBeanFactory     : Creating shared instance of singleton bean 'propertySourcesPlaceholderConfigurer'
2024-03-20 14:14:10.643 DEBUG 28292 --- [           main] o.s.b.f.s.DefaultListableBeanFactory     : Creating shared instance of singleton bean 'org.springframework.boot.test.mock.mockito.MockitoPostProcessor'
2024-03-20 14:14:10.685 DEBUG 28292 --- [           main] o.s.b.f.s.DefaultListableBeanFactory     : Creating shared instance of singleton bean 'org.springframework.context.event.internalEventListenerProcessor'
2024-03-20 14:14:10.686 DEBUG 28292 --- [           main] o.s.b.f.s.DefaultListableBeanFactory     : Creating shared instance of singleton bean 'preserveErrorControllerTargetClassPostProcessor'
2024-03-20 14:14:10.687 DEBUG 28292 --- [           main] o.s.b.f.s.DefaultListableBeanFactory     : Creating shared instance of singleton bean 'org.springframework.context.event.internalEventListenerFactory'
2024-03-20 14:14:10.688 DEBUG 28292 --- [           main] o.s.b.f.s.DefaultListableBeanFactory     : Creating shared instance of singleton bean 'org.springframework.transaction.config.internalTransactionalEventListenerFactory'
2024-03-20 14:14:10.692 DEBUG 28292 --- [           main] o.s.b.f.s.DefaultListableBeanFactory     : Creating shared instance of singleton bean 'org.springframework.boot.test.mock.mockito.MockitoPostProcessor$SpyPostProcessor'
2024-03-20 14:14:10.694 DEBUG 28292 --- [           main] o.s.b.f.s.DefaultListableBeanFactory     : Creating shared instance of singleton bean 'org.springframework.context.annotation.internalAutowiredAnnotationProcessor'
2024-03-20 14:14:10.696 DEBUG 28292 --- [           main] o.s.b.f.s.DefaultListableBeanFactory     : Creating shared instance of singleton bean 'org.springframework.context.annotation.internalCommonAnnotationProcessor'
2024-03-20 14:14:10.700 DEBUG 28292 --- [           main] o.s.b.f.s.DefaultListableBeanFactory     : Creating shared instance of singleton bean 'org.springframework.boot.context.properties.ConfigurationPropertiesBindingPostProcessor'
2024-03-20 14:14:10.700 DEBUG 28292 --- [           main] o.s.b.f.s.DefaultListableBeanFactory     : Creating shared instance of singleton bean 'org.springframework.boot.context.internalConfigurationPropertiesBinder'
2024-03-20 14:14:10.700 DEBUG 28292 --- [           main] o.s.b.f.s.DefaultListableBeanFactory     : Creating shared instance of singleton bean 'org.springframework.boot.context.internalConfigurationPropertiesBinderFactory'
2024-03-20 14:14:10.702 DEBUG 28292 --- [           main] o.s.b.f.s.DefaultListableBeanFactory     : Creating shared instance of singleton bean 'dataSourceInitializerPostProcessor'
2024-03-20 14:14:10.719 DEBUG 28292 --- [           main] o.s.b.f.s.DefaultListableBeanFactory     : Creating shared instance of singleton bean 'org.springframework.aop.config.internalAutoProxyCreator'
2024-03-20 14:14:10.745 DEBUG 28292 --- [           main] o.s.b.f.s.DefaultListableBeanFactory     : Creating shared instance of singleton bean 'persistenceExceptionTranslationPostProcessor'
2024-03-20 14:14:10.746 DEBUG 28292 --- [           main] o.s.b.f.s.DefaultListableBeanFactory     : Autowiring by type from bean name 'persistenceExceptionTranslationPostProcessor' via factory method to bean named 'environment'
2024-03-20 14:14:10.755 DEBUG 28292 --- [           main] o.s.b.f.s.DefaultListableBeanFactory     : Creating shared instance of singleton bean 'webServerFactoryCustomizerBeanPostProcessor'
2024-03-20 14:14:10.757 DEBUG 28292 --- [           main] o.s.b.f.s.DefaultListableBeanFactory     : Creating shared instance of singleton bean 'errorPageRegistrarBeanPostProcessor'
2024-03-20 14:14:10.760 DEBUG 28292 --- [           main] o.s.b.f.s.DefaultListableBeanFactory     : Creating shared instance of singleton bean 'projectingArgumentResolverBeanPostProcessor'
2024-03-20 14:14:10.762 DEBUG 28292 --- [           main] o.s.b.f.s.DefaultListableBeanFactory     : Creating shared instance of singleton bean 'org.springframework.transaction.config.internalTransactionAdvisor'
2024-03-20 14:14:10.762 DEBUG 28292 --- [           main] o.s.b.f.s.DefaultListableBeanFactory     : Creating shared instance of singleton bean 'org.springframework.transaction.annotation.ProxyTransactionManagementConfiguration'
2024-03-20 14:14:10.775 DEBUG 28292 --- [           main] .s.a.a.a.ReflectiveAspectJAdvisorFactory : Found AspectJ method: public java.lang.Object com.kgc.easybuy.aop.Logg.around(org.aspectj.lang.ProceedingJoinPoint)
2024-03-20 14:14:10.880 DEBUG 28292 --- [           main] o.s.b.f.s.DefaultListableBeanFactory     : Creating shared instance of singleton bean 'transactionAttributeSource'
2024-03-20 14:14:10.898 DEBUG 28292 --- [           main] o.s.b.f.s.DefaultListableBeanFactory     : Creating shared instance of singleton bean 'transactionInterceptor'
2024-03-20 14:14:10.899 DEBUG 28292 --- [           main] o.s.b.f.s.DefaultListableBeanFactory     : Autowiring by type from bean name 'transactionInterceptor' via factory method to bean named 'transactionAttributeSource'
2024-03-20 14:14:10.947 DEBUG 28292 --- [           main] o.s.b.f.s.DefaultListableBeanFactory     : Autowiring by type from bean name 'org.springframework.transaction.config.internalTransactionAdvisor' via factory method to bean named 'transactionAttributeSource'
2024-03-20 14:14:10.948 DEBUG 28292 --- [           main] o.s.b.f.s.DefaultListableBeanFactory     : Autowiring by type from bean name 'org.springframework.transaction.config.internalTransactionAdvisor' via factory method to bean named 'transactionInterceptor'
2024-03-20 14:14:10.981 DEBUG 28292 --- [           main] o.s.u.c.s.UiApplicationContextUtils      : Unable to locate ThemeSource with name 'themeSource': using default [org.springframework.ui.context.support.ResourceBundleThemeSource@2e32fc22]
2024-03-20 14:14:10.982 DEBUG 28292 --- [           main] o.s.b.f.s.DefaultListableBeanFactory     : Creating shared instance of singleton bean 'easyBuyApplication'
2024-03-20 14:14:10.989 DEBUG 28292 --- [           main] o.s.b.f.s.DefaultListableBeanFactory     : Creating shared instance of singleton bean 'logg'
2024-03-20 14:14:10.990 DEBUG 28292 --- [           main] o.s.b.f.s.DefaultListableBeanFactory     : Creating shared instance of singleton bean 'alipayRunner'
2024-03-20 14:14:10.995 DEBUG 28292 --- [           main] o.s.b.f.s.DefaultListableBeanFactory     : Creating shared instance of singleton bean 'alipayServiceImpl'
2024-03-20 14:14:10.997 DEBUG 28292 --- [           main] o.s.b.f.s.DefaultListableBeanFactory     : Creating shared instance of singleton bean 'alipayPojo'
2024-03-20 14:14:11.000 DEBUG 28292 --- [           main] o.s.b.f.s.DefaultListableBeanFactory     : Creating shared instance of singleton bean 'org.springframework.boot.context.properties.BoundConfigurationProperties'
2024-03-20 14:14:11.026 DEBUG 28292 --- [           main] o.s.b.f.s.DefaultListableBeanFactory     : Creating shared instance of singleton bean 'alipayDao'
2024-03-20 14:14:11.035 DEBUG 28292 --- [           main] o.s.b.f.s.DefaultListableBeanFactory     : Creating shared instance of singleton bean 'sqlSessionFactory'
2024-03-20 14:14:11.036 DEBUG 28292 --- [           main] o.s.b.f.s.DefaultListableBeanFactory     : Creating shared instance of singleton bean 'org.mybatis.spring.boot.autoconfigure.MybatisAutoConfiguration'
2024-03-20 14:14:11.037 DEBUG 28292 --- [           main] ocalVariableTableParameterNameDiscoverer : Cannot find '.class' file for class [class org.mybatis.spring.boot.autoconfigure.MybatisAutoConfiguration$$EnhancerBySpringCGLIB$$ae2385ff] - unable to determine constructor/method parameter names
2024-03-20 14:14:11.039 DEBUG 28292 --- [           main] o.s.b.f.s.DefaultListableBeanFactory     : Creating shared instance of singleton bean 'mybatis-org.mybatis.spring.boot.autoconfigure.MybatisProperties'
2024-03-20 14:14:11.051 DEBUG 28292 --- [           main] o.s.b.f.s.DefaultListableBeanFactory     : Autowiring by type from bean name 'org.mybatis.spring.boot.autoconfigure.MybatisAutoConfiguration' via constructor to bean named 'mybatis-org.mybatis.spring.boot.autoconfigure.MybatisProperties'
2024-03-20 14:14:11.051 DEBUG 28292 --- [           main] o.s.b.f.s.DefaultListableBeanFactory     : Autowiring by type from bean name 'org.mybatis.spring.boot.autoconfigure.MybatisAutoConfiguration' via constructor to bean named 'org.springframework.web.context.support.GenericWebApplicationContext@4a8a60bc'
2024-03-20 14:14:11.066 DEBUG 28292 --- [           main] o.s.b.f.s.DefaultListableBeanFactory     : Creating shared instance of singleton bean 'dataSource'
2024-03-20 14:14:11.066 DEBUG 28292 --- [           main] o.s.b.f.s.DefaultListableBeanFactory     : Creating shared instance of singleton bean 'org.springframework.boot.autoconfigure.jdbc.DataSourceConfiguration$Generic'
2024-03-20 14:14:11.069 DEBUG 28292 --- [           main] o.s.b.f.s.DefaultListableBeanFactory     : Creating shared instance of singleton bean 'spring.datasource-org.springframework.boot.autoconfigure.jdbc.DataSourceProperties'
2024-03-20 14:14:11.100 DEBUG 28292 --- [           main] o.s.b.f.s.DefaultListableBeanFactory     : Autowiring by type from bean name 'dataSource' via factory method to bean named 'spring.datasource-org.springframework.boot.autoconfigure.jdbc.DataSourceProperties'
2024-03-20 14:14:11.249 DEBUG 28292 --- [           main] o.s.b.f.s.DefaultListableBeanFactory     : Creating shared instance of singleton bean 'org.springframework.boot.autoconfigure.jdbc.DataSourceInitializerInvoker'
2024-03-20 14:14:11.250 DEBUG 28292 --- [           main] o.s.b.f.s.DefaultListableBeanFactory     : Autowiring by type from bean name 'org.springframework.boot.autoconfigure.jdbc.DataSourceInitializerInvoker' via constructor to bean named 'spring.datasource-org.springframework.boot.autoconfigure.jdbc.DataSourceProperties'
2024-03-20 14:14:11.251 DEBUG 28292 --- [           main] o.s.b.f.s.DefaultListableBeanFactory     : Autowiring by type from bean name 'org.springframework.boot.autoconfigure.jdbc.DataSourceInitializerInvoker' via constructor to bean named 'org.springframework.web.context.support.GenericWebApplicationContext@4a8a60bc'
2024-03-20 14:14:11.259 DEBUG 28292 --- [           main] o.s.b.f.s.DefaultListableBeanFactory     : Autowiring by type from bean name 'sqlSessionFactory' via factory method to bean named 'dataSource'
2024-03-20 14:14:11.501 DEBUG 28292 --- [           main] o.mybatis.spring.SqlSessionFactoryBean   : Parsed mapper file: 'file [D:\IdeaProject\springboot\easyBuy\target\classes\mapper\CatMapper.xml]'
2024-03-20 14:14:11.516 DEBUG 28292 --- [           main] o.mybatis.spring.SqlSessionFactoryBean   : Parsed mapper file: 'file [D:\IdeaProject\springboot\easyBuy\target\classes\mapper\CategoryMapper.xml]'
2024-03-20 14:14:11.524 DEBUG 28292 --- [           main] o.mybatis.spring.SqlSessionFactoryBean   : Parsed mapper file: 'file [D:\IdeaProject\springboot\easyBuy\target\classes\mapper\NewsMapper.xml]'
2024-03-20 14:14:11.535 DEBUG 28292 --- [           main] o.mybatis.spring.SqlSessionFactoryBean   : Parsed mapper file: 'file [D:\IdeaProject\springboot\easyBuy\target\classes\mapper\ProductMapper.xml]'
2024-03-20 14:14:11.551 DEBUG 28292 --- [           main] o.mybatis.spring.SqlSessionFactoryBean   : Parsed mapper file: 'file [D:\IdeaProject\springboot\easyBuy\target\classes\mapper\UserMapper.xml]'
2024-03-20 14:14:11.557 DEBUG 28292 --- [           main] o.s.b.f.s.DefaultListableBeanFactory     : Creating shared instance of singleton bean 'sqlSessionTemplate'
2024-03-20 14:14:11.558 DEBUG 28292 --- [           main] o.s.b.f.s.DefaultListableBeanFactory     : Autowiring by type from bean name 'sqlSessionTemplate' via factory method to bean named 'sqlSessionFactory'
2024-03-20 14:14:11.598 DEBUG 28292 --- [           main] o.s.b.f.s.DefaultListableBeanFactory     : Creating shared instance of singleton bean 'alipayDBPojo'
2024-03-20 14:14:11.602 DEBUG 28292 --- [           main] o.s.b.f.s.DefaultListableBeanFactory     : Creating shared instance of singleton bean 'sendEmail'
2024-03-20 14:14:11.605 DEBUG 28292 --- [           main] o.s.b.f.s.DefaultListableBeanFactory     : Creating shared instance of singleton bean 'mailSender'
2024-03-20 14:14:11.605 DEBUG 28292 --- [           main] o.s.b.f.s.DefaultListableBeanFactory     : Creating shared instance of singleton bean 'org.springframework.boot.autoconfigure.mail.MailSenderPropertiesConfiguration'
2024-03-20 14:14:11.608 DEBUG 28292 --- [           main] o.s.b.f.s.DefaultListableBeanFactory     : Creating shared instance of singleton bean 'spring.mail-org.springframework.boot.autoconfigure.mail.MailProperties'
2024-03-20 14:14:11.615 DEBUG 28292 --- [           main] o.s.b.f.s.DefaultListableBeanFactory     : Autowiring by type from bean name 'mailSender' via factory method to bean named 'spring.mail-org.springframework.boot.autoconfigure.mail.MailProperties'
2024-03-20 14:14:11.620 DEBUG 28292 --- [           main] javax.activation                         : MimetypesFileTypeMap: load HOME
2024-03-20 14:14:11.621 DEBUG 28292 --- [           main] javax.activation                         : MimetypesFileTypeMap: load SYS
2024-03-20 14:14:11.621 DEBUG 28292 --- [           main] javax.activation                         : MimetypesFileTypeMap: load JAR
2024-03-20 14:14:11.623 DEBUG 28292 --- [           main] javax.activation                         : MimetypesFileTypeMap: !anyLoaded
2024-03-20 14:14:11.624 DEBUG 28292 --- [           main] javax.activation                         : MimetypesFileTypeMap: not loading mime types file: /META-INF/mime.types
2024-03-20 14:14:11.625 DEBUG 28292 --- [           main] javax.activation                         : MimetypesFileTypeMap: load DEF
2024-03-20 14:14:11.626 DEBUG 28292 --- [           main] javax.activation                         : Added: MIMETypeEntry: text/html, html
2024-03-20 14:14:11.626 DEBUG 28292 --- [           main] javax.activation                         : Added: MIMETypeEntry: text/html, htm
2024-03-20 14:14:11.626 DEBUG 28292 --- [           main] javax.activation                         : Added: MIMETypeEntry: text/html, HTML
2024-03-20 14:14:11.627 DEBUG 28292 --- [           main] javax.activation                         : Added: MIMETypeEntry: text/html, HTM
2024-03-20 14:14:11.627 DEBUG 28292 --- [           main] javax.activation                         : Added: MIMETypeEntry: text/plain, txt
2024-03-20 14:14:11.627 DEBUG 28292 --- [           main] javax.activation                         : Added: MIMETypeEntry: text/plain, text
2024-03-20 14:14:11.627 DEBUG 28292 --- [           main] javax.activation                         : Added: MIMETypeEntry: text/plain, TXT
2024-03-20 14:14:11.627 DEBUG 28292 --- [           main] javax.activation                         : Added: MIMETypeEntry: text/plain, TEXT
2024-03-20 14:14:11.627 DEBUG 28292 --- [           main] javax.activation                         : Added: MIMETypeEntry: image/gif, gif
2024-03-20 14:14:11.627 DEBUG 28292 --- [           main] javax.activation                         : Added: MIMETypeEntry: image/gif, GIF
2024-03-20 14:14:11.627 DEBUG 28292 --- [           main] javax.activation                         : Added: MIMETypeEntry: image/ief, ief
2024-03-20 14:14:11.627 DEBUG 28292 --- [           main] javax.activation                         : Added: MIMETypeEntry: image/jpeg, jpeg
2024-03-20 14:14:11.627 DEBUG 28292 --- [           main] javax.activation                         : Added: MIMETypeEntry: image/jpeg, jpg
2024-03-20 14:14:11.627 DEBUG 28292 --- [           main] javax.activation                         : Added: MIMETypeEntry: image/jpeg, jpe
2024-03-20 14:14:11.627 DEBUG 28292 --- [           main] javax.activation                         : Added: MIMETypeEntry: image/jpeg, JPG
2024-03-20 14:14:11.627 DEBUG 28292 --- [           main] javax.activation                         : Added: MIMETypeEntry: image/tiff, tiff
2024-03-20 14:14:11.627 DEBUG 28292 --- [           main] javax.activation                         : Added: MIMETypeEntry: image/tiff, tif
2024-03-20 14:14:11.627 DEBUG 28292 --- [           main] javax.activation                         : Added: MIMETypeEntry: image/png, png
2024-03-20 14:14:11.628 DEBUG 28292 --- [           main] javax.activation                         : Added: MIMETypeEntry: image/png, PNG
2024-03-20 14:14:11.628 DEBUG 28292 --- [           main] javax.activation                         : Added: MIMETypeEntry: image/x-xwindowdump, xwd
2024-03-20 14:14:11.628 DEBUG 28292 --- [           main] javax.activation                         : Added: MIMETypeEntry: application/postscript, ai
2024-03-20 14:14:11.628 DEBUG 28292 --- [           main] javax.activation                         : Added: MIMETypeEntry: application/postscript, eps
2024-03-20 14:14:11.628 DEBUG 28292 --- [           main] javax.activation                         : Added: MIMETypeEntry: application/postscript, ps
2024-03-20 14:14:11.628 DEBUG 28292 --- [           main] javax.activation                         : Added: MIMETypeEntry: application/rtf, rtf
2024-03-20 14:14:11.628 DEBUG 28292 --- [           main] javax.activation                         : Added: MIMETypeEntry: application/x-tex, tex
2024-03-20 14:14:11.629 DEBUG 28292 --- [           main] javax.activation                         : Added: MIMETypeEntry: application/x-texinfo, texinfo
2024-03-20 14:14:11.629 DEBUG 28292 --- [           main] javax.activation                         : Added: MIMETypeEntry: application/x-texinfo, texi
2024-03-20 14:14:11.629 DEBUG 28292 --- [           main] javax.activation                         : Added: MIMETypeEntry: application/x-troff, t
2024-03-20 14:14:11.629 DEBUG 28292 --- [           main] javax.activation                         : Added: MIMETypeEntry: application/x-troff, tr
2024-03-20 14:14:11.629 DEBUG 28292 --- [           main] javax.activation                         : Added: MIMETypeEntry: application/x-troff, roff
2024-03-20 14:14:11.629 DEBUG 28292 --- [           main] javax.activation                         : Added: MIMETypeEntry: audio/basic, au
2024-03-20 14:14:11.629 DEBUG 28292 --- [           main] javax.activation                         : Added: MIMETypeEntry: audio/midi, midi
2024-03-20 14:14:11.629 DEBUG 28292 --- [           main] javax.activation                         : Added: MIMETypeEntry: audio/midi, mid
2024-03-20 14:14:11.629 DEBUG 28292 --- [           main] javax.activation                         : Added: MIMETypeEntry: audio/x-aifc, aifc
2024-03-20 14:14:11.629 DEBUG 28292 --- [           main] javax.activation                         : Added: MIMETypeEntry: audio/x-aiff, aif
2024-03-20 14:14:11.629 DEBUG 28292 --- [           main] javax.activation                         : Added: MIMETypeEntry: audio/x-aiff, aiff
2024-03-20 14:14:11.629 DEBUG 28292 --- [           main] javax.activation                         : Added: MIMETypeEntry: audio/x-mpeg, mpeg
2024-03-20 14:14:11.629 DEBUG 28292 --- [           main] javax.activation                         : Added: MIMETypeEntry: audio/x-mpeg, mpg
2024-03-20 14:14:11.629 DEBUG 28292 --- [           main] javax.activation                         : Added: MIMETypeEntry: audio/x-wav, wav
2024-03-20 14:14:11.629 DEBUG 28292 --- [           main] javax.activation                         : Added: MIMETypeEntry: video/mpeg, mpeg
2024-03-20 14:14:11.630 DEBUG 28292 --- [           main] javax.activation                         : Added: MIMETypeEntry: video/mpeg, mpg
2024-03-20 14:14:11.630 DEBUG 28292 --- [           main] javax.activation                         : Added: MIMETypeEntry: video/mpeg, mpe
2024-03-20 14:14:11.631 DEBUG 28292 --- [           main] javax.activation                         : Added: MIMETypeEntry: video/quicktime, qt
2024-03-20 14:14:11.631 DEBUG 28292 --- [           main] javax.activation                         : Added: MIMETypeEntry: video/quicktime, mov
2024-03-20 14:14:11.631 DEBUG 28292 --- [           main] javax.activation                         : Added: MIMETypeEntry: video/x-msvideo, avi
2024-03-20 14:14:11.631 DEBUG 28292 --- [           main] javax.activation                         : MimetypesFileTypeMap: successfully loaded mime types file: /META-INF/mimetypes.default
2024-03-20 14:14:11.631 DEBUG 28292 --- [           main] javax.activation                         : Added: MIMETypeEntry: text/html, html
2024-03-20 14:14:11.631 DEBUG 28292 --- [           main] javax.activation                         : Added: MIMETypeEntry: text/html, htm
2024-03-20 14:14:11.631 DEBUG 28292 --- [           main] javax.activation                         : Added: MIMETypeEntry: text/html, HTML
2024-03-20 14:14:11.631 DEBUG 28292 --- [           main] javax.activation                         : Added: MIMETypeEntry: text/html, HTM
2024-03-20 14:14:11.631 DEBUG 28292 --- [           main] javax.activation                         : Added: MIMETypeEntry: text/plain, txt
2024-03-20 14:14:11.631 DEBUG 28292 --- [           main] javax.activation                         : Added: MIMETypeEntry: text/plain, text
2024-03-20 14:14:11.632 DEBUG 28292 --- [           main] javax.activation                         : Added: MIMETypeEntry: text/plain, TXT
2024-03-20 14:14:11.632 DEBUG 28292 --- [           main] javax.activation                         : Added: MIMETypeEntry: text/plain, TEXT
2024-03-20 14:14:11.632 DEBUG 28292 --- [           main] javax.activation                         : Added: MIMETypeEntry: text/plain, java
2024-03-20 14:14:11.632 DEBUG 28292 --- [           main] javax.activation                         : Added: MIMETypeEntry: text/plain, c
2024-03-20 14:14:11.632 DEBUG 28292 --- [           main] javax.activation                         : Added: MIMETypeEntry: text/plain, c++
2024-03-20 14:14:11.632 DEBUG 28292 --- [           main] javax.activation                         : Added: MIMETypeEntry: text/plain, cpp
2024-03-20 14:14:11.632 DEBUG 28292 --- [           main] javax.activation                         : Added: MIMETypeEntry: text/plain, pl
2024-03-20 14:14:11.632 DEBUG 28292 --- [           main] javax.activation                         : Added: MIMETypeEntry: text/plain, cc
2024-03-20 14:14:11.632 DEBUG 28292 --- [           main] javax.activation                         : Added: MIMETypeEntry: text/plain, h
2024-03-20 14:14:11.633 DEBUG 28292 --- [           main] javax.activation                         : Added: MIMETypeEntry: image/gif, gif
2024-03-20 14:14:11.633 DEBUG 28292 --- [           main] javax.activation                         : Added: MIMETypeEntry: image/gif, GIF
2024-03-20 14:14:11.633 DEBUG 28292 --- [           main] javax.activation                         : Added: MIMETypeEntry: image/ief, ief
2024-03-20 14:14:11.633 DEBUG 28292 --- [           main] javax.activation                         : Added: MIMETypeEntry: image/jpeg, jpeg
2024-03-20 14:14:11.634 DEBUG 28292 --- [           main] javax.activation                         : Added: MIMETypeEntry: image/jpeg, jpg
2024-03-20 14:14:11.634 DEBUG 28292 --- [           main] javax.activation                         : Added: MIMETypeEntry: image/jpeg, jpe
2024-03-20 14:14:11.634 DEBUG 28292 --- [           main] javax.activation                         : Added: MIMETypeEntry: image/jpeg, JPG
2024-03-20 14:14:11.634 DEBUG 28292 --- [           main] javax.activation                         : Added: MIMETypeEntry: image/tiff, tiff
2024-03-20 14:14:11.634 DEBUG 28292 --- [           main] javax.activation                         : Added: MIMETypeEntry: image/tiff, tif
2024-03-20 14:14:11.634 DEBUG 28292 --- [           main] javax.activation                         : Added: MIMETypeEntry: image/x-xwindowdump, xwd
2024-03-20 14:14:11.634 DEBUG 28292 --- [           main] javax.activation                         : Added: MIMETypeEntry: application/postscript, ai
2024-03-20 14:14:11.634 DEBUG 28292 --- [           main] javax.activation                         : Added: MIMETypeEntry: application/postscript, eps
2024-03-20 14:14:11.635 DEBUG 28292 --- [           main] javax.activation                         : Added: MIMETypeEntry: application/postscript, ps
2024-03-20 14:14:11.635 DEBUG 28292 --- [           main] javax.activation                         : Added: MIMETypeEntry: application/rtf, rtf
2024-03-20 14:14:11.635 DEBUG 28292 --- [           main] javax.activation                         : Added: MIMETypeEntry: application/x-tex, tex
2024-03-20 14:14:11.635 DEBUG 28292 --- [           main] javax.activation                         : Added: MIMETypeEntry: application/x-texinfo, texinfo
2024-03-20 14:14:11.636 DEBUG 28292 --- [           main] javax.activation                         : Added: MIMETypeEntry: application/x-texinfo, texi
2024-03-20 14:14:11.636 DEBUG 28292 --- [           main] javax.activation                         : Added: MIMETypeEntry: application/x-troff, t
2024-03-20 14:14:11.636 DEBUG 28292 --- [           main] javax.activation                         : Added: MIMETypeEntry: application/x-troff, tr
2024-03-20 14:14:11.636 DEBUG 28292 --- [           main] javax.activation                         : Added: MIMETypeEntry: application/x-troff, roff
2024-03-20 14:14:11.637 DEBUG 28292 --- [           main] javax.activation                         : Added: MIMETypeEntry: audio/basic, au
2024-03-20 14:14:11.637 DEBUG 28292 --- [           main] javax.activation                         : Added: MIMETypeEntry: audio/midi, midi
2024-03-20 14:14:11.637 DEBUG 28292 --- [           main] javax.activation                         : Added: MIMETypeEntry: audio/midi, mid
2024-03-20 14:14:11.637 DEBUG 28292 --- [           main] javax.activation                         : Added: MIMETypeEntry: audio/x-aifc, aifc
2024-03-20 14:14:11.638 DEBUG 28292 --- [           main] javax.activation                         : Added: MIMETypeEntry: audio/x-aiff, aif
2024-03-20 14:14:11.638 DEBUG 28292 --- [           main] javax.activation                         : Added: MIMETypeEntry: audio/x-aiff, aiff
2024-03-20 14:14:11.638 DEBUG 28292 --- [           main] javax.activation                         : Added: MIMETypeEntry: audio/x-mpeg, mpeg
2024-03-20 14:14:11.639 DEBUG 28292 --- [           main] javax.activation                         : Added: MIMETypeEntry: audio/x-mpeg, mpg
2024-03-20 14:14:11.639 DEBUG 28292 --- [           main] javax.activation                         : Added: MIMETypeEntry: audio/x-wav, wav
2024-03-20 14:14:11.639 DEBUG 28292 --- [           main] javax.activation                         : Added: MIMETypeEntry: video/mpeg, mpeg
2024-03-20 14:14:11.639 DEBUG 28292 --- [           main] javax.activation                         : Added: MIMETypeEntry: video/mpeg, mpg
2024-03-20 14:14:11.639 DEBUG 28292 --- [           main] javax.activation                         : Added: MIMETypeEntry: video/mpeg, mpe
2024-03-20 14:14:11.639 DEBUG 28292 --- [           main] javax.activation                         : Added: MIMETypeEntry: video/quicktime, qt
2024-03-20 14:14:11.639 DEBUG 28292 --- [           main] javax.activation                         : Added: MIMETypeEntry: video/quicktime, mov
2024-03-20 14:14:11.639 DEBUG 28292 --- [           main] javax.activation                         : Added: MIMETypeEntry: video/x-msvideo, avi
2024-03-20 14:14:11.639 DEBUG 28292 --- [           main] javax.activation                         : Added: MIMETypeEntry: text/x-speech, talk
2024-03-20 14:14:11.639 DEBUG 28292 --- [           main] javax.activation                         : Added: MIMETypeEntry: text/css, css
2024-03-20 14:14:11.639 DEBUG 28292 --- [           main] javax.activation                         : Added: MIMETypeEntry: text/csv, csv
2024-03-20 14:14:11.640 DEBUG 28292 --- [           main] javax.activation                         : Added: MIMETypeEntry: image/x-xbitmap, xbm
2024-03-20 14:14:11.640 DEBUG 28292 --- [           main] javax.activation                         : Added: MIMETypeEntry: image/x-xpixmap, xpm
2024-03-20 14:14:11.640 DEBUG 28292 --- [           main] javax.activation                         : Added: MIMETypeEntry: image/png, png
2024-03-20 14:14:11.640 DEBUG 28292 --- [           main] javax.activation                         : Added: MIMETypeEntry: image/svg+xml, svg
2024-03-20 14:14:11.640 DEBUG 28292 --- [           main] javax.activation                         : Added: MIMETypeEntry: image/ief, ief
2024-03-20 14:14:11.640 DEBUG 28292 --- [           main] javax.activation                         : Added: MIMETypeEntry: image/rgb, rgb
2024-03-20 14:14:11.640 DEBUG 28292 --- [           main] javax.activation                         : Added: MIMETypeEntry: image/g3fax, g3f
2024-03-20 14:14:11.641 DEBUG 28292 --- [           main] javax.activation                         : Added: MIMETypeEntry: image/x-xwindowdump, xwd
2024-03-20 14:14:11.641 DEBUG 28292 --- [           main] javax.activation                         : Added: MIMETypeEntry: image/x-pict, pict
2024-03-20 14:14:11.641 DEBUG 28292 --- [           main] javax.activation                         : Added: MIMETypeEntry: image/x-portable-pixmap, ppm
2024-03-20 14:14:11.641 DEBUG 28292 --- [           main] javax.activation                         : Added: MIMETypeEntry: image/x-portable-graymap, pgm
2024-03-20 14:14:11.641 DEBUG 28292 --- [           main] javax.activation                         : Added: MIMETypeEntry: image/x-portable-bitmap, pbm
2024-03-20 14:14:11.641 DEBUG 28292 --- [           main] javax.activation                         : Added: MIMETypeEntry: image/x-portable-anymap, pnm
2024-03-20 14:14:11.641 DEBUG 28292 --- [           main] javax.activation                         : Added: MIMETypeEntry: image/x-ms-bmp, bmp
2024-03-20 14:14:11.641 DEBUG 28292 --- [           main] javax.activation                         : Added: MIMETypeEntry: image/x-cmu-raster, ras
2024-03-20 14:14:11.641 DEBUG 28292 --- [           main] javax.activation                         : Added: MIMETypeEntry: image/x-photo-cd, pcd
2024-03-20 14:14:11.642 DEBUG 28292 --- [           main] javax.activation                         : Added: MIMETypeEntry: image/cgm, cgm
2024-03-20 14:14:11.642 DEBUG 28292 --- [           main] javax.activation                         : Added: MIMETypeEntry: image/x-cals, mil
2024-03-20 14:14:11.642 DEBUG 28292 --- [           main] javax.activation                         : Added: MIMETypeEntry: image/x-cals, cal
2024-03-20 14:14:11.642 DEBUG 28292 --- [           main] javax.activation                         : Added: MIMETypeEntry: image/fif, fif
2024-03-20 14:14:11.643 DEBUG 28292 --- [           main] javax.activation                         : Added: MIMETypeEntry: image/x-mgx-dsf, dsf
2024-03-20 14:14:11.643 DEBUG 28292 --- [           main] javax.activation                         : Added: MIMETypeEntry: image/x-cmx, cmx
2024-03-20 14:14:11.643 DEBUG 28292 --- [           main] javax.activation                         : Added: MIMETypeEntry: image/wavelet, wi
2024-03-20 14:14:11.643 DEBUG 28292 --- [           main] javax.activation                         : Added: MIMETypeEntry: image/vnd.dwg, dwg
2024-03-20 14:14:11.643 DEBUG 28292 --- [           main] javax.activation                         : Added: MIMETypeEntry: image/vnd.dxf, dxf
2024-03-20 14:14:11.643 DEBUG 28292 --- [           main] javax.activation                         : Added: MIMETypeEntry: image/vnd.svf, svf
2024-03-20 14:14:11.643 DEBUG 28292 --- [           main] javax.activation                         : Added: MIMETypeEntry: audio/basic, au
2024-03-20 14:14:11.643 DEBUG 28292 --- [           main] javax.activation                         : Added: MIMETypeEntry: audio/basic, snd
2024-03-20 14:14:11.643 DEBUG 28292 --- [           main] javax.activation                         : Added: MIMETypeEntry: audio/x-aiff, aif
2024-03-20 14:14:11.644 DEBUG 28292 --- [           main] javax.activation                         : Added: MIMETypeEntry: audio/x-aiff, aiff
2024-03-20 14:14:11.644 DEBUG 28292 --- [           main] javax.activation                         : Added: MIMETypeEntry: audio/x-aiff, aifc
2024-03-20 14:14:11.644 DEBUG 28292 --- [           main] javax.activation                         : Added: MIMETypeEntry: audio/x-wav, wav
2024-03-20 14:14:11.644 DEBUG 28292 --- [           main] javax.activation                         : Added: MIMETypeEntry: audio/x-mpeg, mpa
2024-03-20 14:14:11.644 DEBUG 28292 --- [           main] javax.activation                         : Added: MIMETypeEntry: audio/x-mpeg, abs
2024-03-20 14:14:11.644 DEBUG 28292 --- [           main] javax.activation                         : Added: MIMETypeEntry: audio/x-mpeg, mpega
2024-03-20 14:14:11.644 DEBUG 28292 --- [           main] javax.activation                         : Added: MIMETypeEntry: audio/x-mpeg-2, mp2a
2024-03-20 14:14:11.644 DEBUG 28292 --- [           main] javax.activation                         : Added: MIMETypeEntry: audio/x-mpeg-2, mpa2
2024-03-20 14:14:11.644 DEBUG 28292 --- [           main] javax.activation                         : Added: MIMETypeEntry: audio/echospeech, es
2024-03-20 14:14:11.644 DEBUG 28292 --- [           main] javax.activation                         : Added: MIMETypeEntry: audio/voxware, vox
2024-03-20 14:14:11.644 DEBUG 28292 --- [           main] javax.activation                         : Added: MIMETypeEntry: application/fastman, lcc
2024-03-20 14:14:11.644 DEBUG 28292 --- [           main] javax.activation                         : Added: MIMETypeEntry: application/x-pn-realaudio, ra
2024-03-20 14:14:11.644 DEBUG 28292 --- [           main] javax.activation                         : Added: MIMETypeEntry: application/x-pn-realaudio, ram
2024-03-20 14:14:11.644 DEBUG 28292 --- [           main] javax.activation                         : Added: MIMETypeEntry: x-music/x-midi, mmid
2024-03-20 14:14:11.644 DEBUG 28292 --- [           main] javax.activation                         : Added: MIMETypeEntry: application/vnd.koan, skp
2024-03-20 14:14:11.644 DEBUG 28292 --- [           main] javax.activation                         : Added: MIMETypeEntry: text/x-speech, talk
2024-03-20 14:14:11.644 DEBUG 28292 --- [           main] javax.activation                         : Added: MIMETypeEntry: video/mpeg, mpeg
2024-03-20 14:14:11.644 DEBUG 28292 --- [           main] javax.activation                         : Added: MIMETypeEntry: video/mpeg, mpg
2024-03-20 14:14:11.644 DEBUG 28292 --- [           main] javax.activation                         : Added: MIMETypeEntry: video/mpeg, mpe
2024-03-20 14:14:11.644 DEBUG 28292 --- [           main] javax.activation                         : Added: MIMETypeEntry: video/mpeg-2, mpv2
2024-03-20 14:14:11.644 DEBUG 28292 --- [           main] javax.activation                         : Added: MIMETypeEntry: video/mpeg-2, mp2v
2024-03-20 14:14:11.644 DEBUG 28292 --- [           main] javax.activation                         : Added: MIMETypeEntry: video/quicktime, qt
2024-03-20 14:14:11.644 DEBUG 28292 --- [           main] javax.activation                         : Added: MIMETypeEntry: video/quicktime, mov
2024-03-20 14:14:11.644 DEBUG 28292 --- [           main] javax.activation                         : Added: MIMETypeEntry: video/x-msvideo, avi
2024-03-20 14:14:11.644 DEBUG 28292 --- [           main] javax.activation                         : Added: MIMETypeEntry: video/x-sgi-movie, movie
2024-03-20 14:14:11.644 DEBUG 28292 --- [           main] javax.activation                         : Added: MIMETypeEntry: video/vdo, vdo
2024-03-20 14:14:11.645 DEBUG 28292 --- [           main] javax.activation                         : Added: MIMETypeEntry: video/vnd.vivo, viv
2024-03-20 14:14:11.645 DEBUG 28292 --- [           main] javax.activation                         : Added: MIMETypeEntry: application/x-ns-proxy-autoconfig, pac
2024-03-20 14:14:11.645 DEBUG 28292 --- [           main] javax.activation                         : Added: MIMETypeEntry: x-conference/x-cooltalk, ice
2024-03-20 14:14:11.645 DEBUG 28292 --- [           main] javax.activation                         : Added: MIMETypeEntry: application/postscript, ai
2024-03-20 14:14:11.645 DEBUG 28292 --- [           main] javax.activation                         : Added: MIMETypeEntry: application/postscript, eps
2024-03-20 14:14:11.645 DEBUG 28292 --- [           main] javax.activation                         : Added: MIMETypeEntry: application/postscript, ps
2024-03-20 14:14:11.645 DEBUG 28292 --- [           main] javax.activation                         : Added: MIMETypeEntry: application/rtf, rtf
2024-03-20 14:14:11.645 DEBUG 28292 --- [           main] javax.activation                         : Added: MIMETypeEntry: application/pdf, pdf
2024-03-20 14:14:11.645 DEBUG 28292 --- [           main] javax.activation                         : Added: MIMETypeEntry: application/vnd.mif, mif
2024-03-20 14:14:11.645 DEBUG 28292 --- [           main] javax.activation                         : Added: MIMETypeEntry: application/x-troff, t
2024-03-20 14:14:11.645 DEBUG 28292 --- [           main] javax.activation                         : Added: MIMETypeEntry: application/x-troff, tr
2024-03-20 14:14:11.645 DEBUG 28292 --- [           main] javax.activation                         : Added: MIMETypeEntry: application/x-troff, roff
2024-03-20 14:14:11.645 DEBUG 28292 --- [           main] javax.activation                         : Added: MIMETypeEntry: application/x-troff-man, man
2024-03-20 14:14:11.645 DEBUG 28292 --- [           main] javax.activation                         : Added: MIMETypeEntry: application/x-troff-me, me
2024-03-20 14:14:11.645 DEBUG 28292 --- [           main] javax.activation                         : Added: MIMETypeEntry: application/x-troff-ms, ms
2024-03-20 14:14:11.645 DEBUG 28292 --- [           main] javax.activation                         : Added: MIMETypeEntry: application/x-latex, latex
2024-03-20 14:14:11.645 DEBUG 28292 --- [           main] javax.activation                         : Added: MIMETypeEntry: application/x-tex, tex
2024-03-20 14:14:11.645 DEBUG 28292 --- [           main] javax.activation                         : Added: MIMETypeEntry: application/x-texinfo, texinfo
2024-03-20 14:14:11.645 DEBUG 28292 --- [           main] javax.activation                         : Added: MIMETypeEntry: application/x-texinfo, texi
2024-03-20 14:14:11.645 DEBUG 28292 --- [           main] javax.activation                         : Added: MIMETypeEntry: application/x-dvi, dvi
2024-03-20 14:14:11.645 DEBUG 28292 --- [           main] javax.activation                         : Added: MIMETypeEntry: application/msword, doc
2024-03-20 14:14:11.645 DEBUG 28292 --- [           main] javax.activation                         : Added: MIMETypeEntry: application/msword, DOC
2024-03-20 14:14:11.645 DEBUG 28292 --- [           main] javax.activation                         : Added: MIMETypeEntry: application/oda, oda
2024-03-20 14:14:11.645 DEBUG 28292 --- [           main] javax.activation                         : Added: MIMETypeEntry: application/envoy, evy
2024-03-20 14:14:11.645 DEBUG 28292 --- [           main] javax.activation                         : Added: MIMETypeEntry: application/x-gtar, gtar
2024-03-20 14:14:11.645 DEBUG 28292 --- [           main] javax.activation                         : Added: MIMETypeEntry: application/x-tar, tar
2024-03-20 14:14:11.645 DEBUG 28292 --- [           main] javax.activation                         : Added: MIMETypeEntry: application/x-ustar, ustar
2024-03-20 14:14:11.645 DEBUG 28292 --- [           main] javax.activation                         : Added: MIMETypeEntry: application/x-bcpio, bcpio
2024-03-20 14:14:11.645 DEBUG 28292 --- [           main] javax.activation                         : Added: MIMETypeEntry: application/x-cpio, cpio
2024-03-20 14:14:11.645 DEBUG 28292 --- [           main] javax.activation                         : Added: MIMETypeEntry: application/x-shar, shar
2024-03-20 14:14:11.645 DEBUG 28292 --- [           main] javax.activation                         : Added: MIMETypeEntry: application/zip, zip
2024-03-20 14:14:11.645 DEBUG 28292 --- [           main] javax.activation                         : Added: MIMETypeEntry: application/mac-binhex40, hqx
2024-03-20 14:14:11.645 DEBUG 28292 --- [           main] javax.activation                         : Added: MIMETypeEntry: application/x-stuffit, sit
2024-03-20 14:14:11.645 DEBUG 28292 --- [           main] javax.activation                         : Added: MIMETypeEntry: application/x-stuffit, sea
2024-03-20 14:14:11.646 DEBUG 28292 --- [           main] javax.activation                         : Added: MIMETypeEntry: application/fractals, fif
2024-03-20 14:14:11.646 DEBUG 28292 --- [           main] javax.activation                         : Added: MIMETypeEntry: application/octet-stream, bin
2024-03-20 14:14:11.646 DEBUG 28292 --- [           main] javax.activation                         : Added: MIMETypeEntry: application/octet-stream, uu
2024-03-20 14:14:11.646 DEBUG 28292 --- [           main] javax.activation                         : Added: MIMETypeEntry: application/octet-stream, exe
2024-03-20 14:14:11.646 DEBUG 28292 --- [           main] javax.activation                         : Added: MIMETypeEntry: application/x-wais-source, src
2024-03-20 14:14:11.646 DEBUG 28292 --- [           main] javax.activation                         : Added: MIMETypeEntry: application/x-wais-source, wsrc
2024-03-20 14:14:11.646 DEBUG 28292 --- [           main] javax.activation                         : Added: MIMETypeEntry: application/hdf, hdf
2024-03-20 14:14:11.646 DEBUG 28292 --- [           main] javax.activation                         : Added: MIMETypeEntry: text/javascript, js
2024-03-20 14:14:11.646 DEBUG 28292 --- [           main] javax.activation                         : Added: MIMETypeEntry: text/javascript, ls
2024-03-20 14:14:11.646 DEBUG 28292 --- [           main] javax.activation                         : Added: MIMETypeEntry: text/javascript, mocha
2024-03-20 14:14:11.646 DEBUG 28292 --- [           main] javax.activation                         : Added: MIMETypeEntry: application/x-sh, sh
2024-03-20 14:14:11.646 DEBUG 28292 --- [           main] javax.activation                         : Added: MIMETypeEntry: application/x-csh, csh
2024-03-20 14:14:11.646 DEBUG 28292 --- [           main] javax.activation                         : Added: MIMETypeEntry: application/x-perl, pl
2024-03-20 14:14:11.646 DEBUG 28292 --- [           main] javax.activation                         : Added: MIMETypeEntry: application/x-tcl, tcl
2024-03-20 14:14:11.646 DEBUG 28292 --- [           main] javax.activation                         : Added: MIMETypeEntry: application/futuresplash, spl
2024-03-20 14:14:11.647 DEBUG 28292 --- [           main] javax.activation                         : Added: MIMETypeEntry: application/mbedlet, mbd
2024-03-20 14:14:11.647 DEBUG 28292 --- [           main] javax.activation                         : Added: MIMETypeEntry: application/x-rad-powermedia, rad
2024-03-20 14:14:11.647 DEBUG 28292 --- [           main] javax.activation                         : Added: MIMETypeEntry: application/mspowerpoint, ppz
2024-03-20 14:14:11.648 DEBUG 28292 --- [           main] javax.activation                         : Added: MIMETypeEntry: application/x-asap, asp
2024-03-20 14:14:11.648 DEBUG 28292 --- [           main] javax.activation                         : Added: MIMETypeEntry: application/astound, asn
2024-03-20 14:14:11.649 DEBUG 28292 --- [           main] javax.activation                         : Added: MIMETypeEntry: application/x-olescript, axs
2024-03-20 14:14:11.649 DEBUG 28292 --- [           main] javax.activation                         : Added: MIMETypeEntry: application/x-oleobject, ods
2024-03-20 14:14:11.649 DEBUG 28292 --- [           main] javax.activation                         : Added: MIMETypeEntry: x-form/x-openscape, opp
2024-03-20 14:14:11.649 DEBUG 28292 --- [           main] javax.activation                         : Added: MIMETypeEntry: application/x-webbasic, wba
2024-03-20 14:14:11.649 DEBUG 28292 --- [           main] javax.activation                         : Added: MIMETypeEntry: application/x-alpha-form, frm
2024-03-20 14:14:11.649 DEBUG 28292 --- [           main] javax.activation                         : Added: MIMETypeEntry: x-script/x-wfxclient, wfx
2024-03-20 14:14:11.649 DEBUG 28292 --- [           main] javax.activation                         : Added: MIMETypeEntry: application/octet-stream, exe
2024-03-20 14:14:11.649 DEBUG 28292 --- [           main] javax.activation                         : Added: MIMETypeEntry: application/octet-stream, com
2024-03-20 14:14:11.650 DEBUG 28292 --- [           main] javax.activation                         : Added: MIMETypeEntry: application/x-pcn, pcn
2024-03-20 14:14:11.650 DEBUG 28292 --- [           main] javax.activation                         : Added: MIMETypeEntry: application/vnd.ms-excel, xls
2024-03-20 14:14:11.650 DEBUG 28292 --- [           main] javax.activation                         : Added: MIMETypeEntry: application/vnd.ms-powerpoint, ppt
2024-03-20 14:14:11.650 DEBUG 28292 --- [           main] javax.activation                         : Added: MIMETypeEntry: application/vnd.ms-project, mpp
2024-03-20 14:14:11.651 DEBUG 28292 --- [           main] javax.activation                         : Added: MIMETypeEntry: application/vnd.svd, svd
2024-03-20 14:14:11.651 DEBUG 28292 --- [           main] javax.activation                         : Added: MIMETypeEntry: application/x-net-install, ins
2024-03-20 14:14:11.651 DEBUG 28292 --- [           main] javax.activation                         : Added: MIMETypeEntry: application/ccv, ccv
2024-03-20 14:14:11.651 DEBUG 28292 --- [           main] javax.activation                         : Added: MIMETypeEntry: workbook/formulaone, vts
2024-03-20 14:14:11.651 DEBUG 28292 --- [           main] javax.activation                         : Added: MIMETypeEntry: x-world/x-vrml, wrl
2024-03-20 14:14:11.651 DEBUG 28292 --- [           main] javax.activation                         : Added: MIMETypeEntry: x-world/x-vrml, vrml
2024-03-20 14:14:11.651 DEBUG 28292 --- [           main] javax.activation                         : Added: MIMETypeEntry: x-world/x-vream, vrw
2024-03-20 14:14:11.651 DEBUG 28292 --- [           main] javax.activation                         : Added: MIMETypeEntry: application/x-p3d, p3d
2024-03-20 14:14:11.651 DEBUG 28292 --- [           main] javax.activation                         : Added: MIMETypeEntry: x-world/x-svr, svr
2024-03-20 14:14:11.651 DEBUG 28292 --- [           main] javax.activation                         : Added: MIMETypeEntry: x-world/x-wvr, wvr
[...]
2024-03-20 14:14:16.354 DEBUG 28292 --- [           main] c.DefaultCacheAwareContextLoaderDelegate : Retrieved ApplicationContext [1250582716] from cache with key [[WebMergedContextConfiguration@74c79fa2 testClass = EasyBuyApplicationTests, locations = '{}', classes = '{class com.kgc.easybuy.EasyBuyApplication}', contextInitializerClasses = '[]', activeProfiles = '{}', propertySourceLocations = '{}', propertySourceProperties = '{org.springframework.boot.test.context.SpringBootTestContextBootstrapper=true}', contextCustomizers = set[org.springframework.boot.test.context.filter.ExcludeFilterContextCustomizer@235ecd9f, org.springframework.boot.test.json.DuplicateJsonObjectContextCustomizerFactory$DuplicateJsonObjectContextCustomizer@2034b64c, org.springframework.boot.test.mock.mockito.MockitoContextCustomizer@0, org.springframework.boot.test.web.client.TestRestTemplateContextCustomizer@4a83a74a, org.springframework.boot.test.autoconfigure.properties.PropertyMappingContextCustomizer@0, org.springframework.boot.test.autoconfigure.web.servlet.WebDriverContextCustomizerFactory$Customizer@1caa0244, org.springframework.boot.test.context.SpringBootTestArgs@1, org.springframework.boot.test.context.SpringBootTestWebEnvironment@2bbaf4f0], resourceBasePath = 'src/main/webapp', contextLoader = 'org.springframework.boot.test.context.SpringBootContextLoader', parent = [null]]]
2024-03-20 14:14:16.355 DEBUG 28292 --- [           main] org.springframework.test.context.cache   : Spring test ApplicationContext cache statistics: [DefaultContextCache@723c5f86 size = 1, maxSize = 32, parentContextCount = 0, hitCount = 3, missCount = 1]
2024-03-20 14:14:16.355 DEBUG 28292 --- [           main] c.DefaultCacheAwareContextLoaderDelegate : Retrieved ApplicationContext [1250582716] from cache with key [[WebMergedContextConfiguration@74c79fa2 testClass = EasyBuyApplicationTests, locations = '{}', classes = '{class com.kgc.easybuy.EasyBuyApplication}', contextInitializerClasses = '[]', activeProfiles = '{}', propertySourceLocations = '{}', propertySourceProperties = '{org.springframework.boot.test.context.SpringBootTestContextBootstrapper=true}', contextCustomizers = set[org.springframework.boot.test.context.filter.ExcludeFilterContextCustomizer@235ecd9f, org.springframework.boot.test.json.DuplicateJsonObjectContextCustomizerFactory$DuplicateJsonObjectContextCustomizer@2034b64c, org.springframework.boot.test.mock.mockito.MockitoContextCustomizer@0, org.springframework.boot.test.web.client.TestRestTemplateContextCustomizer@4a83a74a, org.springframework.boot.test.autoconfigure.properties.PropertyMappingContextCustomizer@0, org.springframework.boot.test.autoconfigure.web.servlet.WebDriverContextCustomizerFactory$Customizer@1caa0244, org.springframework.boot.test.context.SpringBootTestArgs@1, org.springframework.boot.test.context.SpringBootTestWebEnvironment@2bbaf4f0], resourceBasePath = 'src/main/webapp', contextLoader = 'org.springframework.boot.test.context.SpringBootContextLoader', parent = [null]]]
2024-03-20 14:14:16.355 DEBUG 28292 --- [           main] org.springframework.test.context.cache   : Spring test ApplicationContext cache statistics: [DefaultContextCache@723c5f86 size = 1, maxSize = 32, parentContextCount = 0, hitCount = 4, missCount = 1]
2024-03-20 14:14:17.065 DEBUG 28292 --- [           main] c.DefaultCacheAwareContextLoaderDelegate : Retrieved ApplicationContext [1250582716] from cache with key [[WebMergedContextConfiguration@74c79fa2 testClass = EasyBuyApplicationTests, locations = '{}', classes = '{class com.kgc.easybuy.EasyBuyApplication}', contextInitializerClasses = '[]', activeProfiles = '{}', propertySourceLocations = '{}', propertySourceProperties = '{org.springframework.boot.test.context.SpringBootTestContextBootstrapper=true}', contextCustomizers = set[org.springframework.boot.test.context.filter.ExcludeFilterContextCustomizer@235ecd9f, org.springframework.boot.test.json.DuplicateJsonObjectContextCustomizerFactory$DuplicateJsonObjectContextCustomizer@2034b64c, org.springframework.boot.test.mock.mockito.MockitoContextCustomizer@0, org.springframework.boot.test.web.client.TestRestTemplateContextCustomizer@4a83a74a, org.springframework.boot.test.autoconfigure.properties.PropertyMappingContextCustomizer@0, org.springframework.boot.test.autoconfigure.web.servlet.WebDriverContextCustomizerFactory$Customizer@1caa0244, org.springframework.boot.test.context.SpringBootTestArgs@1, org.springframework.boot.test.context.SpringBootTestWebEnvironment@2bbaf4f0], resourceBasePath = 'src/main/webapp', contextLoader = 'org.springframework.boot.test.context.SpringBootContextLoader', parent = [null]]]
2024-03-20 14:14:17.066 DEBUG 28292 --- [           main] org.springframework.test.context.cache   : Spring test ApplicationContext cache statistics: [DefaultContextCache@723c5f86 size = 1, maxSize = 32, parentContextCount = 0, hitCount = 5, missCount = 1]
2024-03-20 14:14:17.082 DEBUG 28292 --- [           main] c.DefaultCacheAwareContextLoaderDelegate : Retrieved ApplicationContext [1250582716] from cache with key [[WebMergedContextConfiguration@74c79fa2 testClass = EasyBuyApplicationTests, locations = '{}', classes = '{class com.kgc.easybuy.EasyBuyApplication}', contextInitializerClasses = '[]', activeProfiles = '{}', propertySourceLocations = '{}', propertySourceProperties = '{org.springframework.boot.test.context.SpringBootTestContextBootstrapper=true}', contextCustomizers = set[org.springframework.boot.test.context.filter.ExcludeFilterContextCustomizer@235ecd9f, org.springframework.boot.test.json.DuplicateJsonObjectContextCustomizerFactory$DuplicateJsonObjectContextCustomizer@2034b64c, org.springframework.boot.test.mock.mockito.MockitoContextCustomizer@0, org.springframework.boot.test.web.client.TestRestTemplateContextCustomizer@4a83a74a, org.springframework.boot.test.autoconfigure.properties.PropertyMappingContextCustomizer@0, org.springframework.boot.test.autoconfigure.web.servlet.WebDriverContextCustomizerFactory$Customizer@1caa0244, org.springframework.boot.test.context.SpringBootTestArgs@1, org.springframework.boot.test.context.SpringBootTestWebEnvironment@2bbaf4f0], resourceBasePath = 'src/main/webapp', contextLoader = 'org.springframework.boot.test.context.SpringBootContextLoader', parent = [null]]]
2024-03-20 14:14:17.082 DEBUG 28292 --- [           main] org.springframework.test.context.cache   : Spring test ApplicationContext cache statistics: [DefaultContextCache@723c5f86 size = 1, maxSize = 32, parentContextCount = 0, hitCount = 6, missCount = 1]
2024-03-20 14:14:17.085 DEBUG 28292 --- [           main] c.DefaultCacheAwareContextLoaderDelegate : Retrieved ApplicationContext [1250582716] from cache with key [[WebMergedContextConfiguration@74c79fa2 testClass = EasyBuyApplicationTests, locations = '{}', classes = '{class com.kgc.easybuy.EasyBuyApplication}', contextInitializerClasses = '[]', activeProfiles = '{}', propertySourceLocations = '{}', propertySourceProperties = '{org.springframework.boot.test.context.SpringBootTestContextBootstrapper=true}', contextCustomizers = set[org.springframework.boot.test.context.filter.ExcludeFilterContextCustomizer@235ecd9f, org.springframework.boot.test.json.DuplicateJsonObjectContextCustomizerFactory$DuplicateJsonObjectContextCustomizer@2034b64c, org.springframework.boot.test.mock.mockito.MockitoContextCustomizer@0, org.springframework.boot.test.web.client.TestRestTemplateContextCustomizer@4a83a74a, org.springframework.boot.test.autoconfigure.properties.PropertyMappingContextCustomizer@0, org.springframework.boot.test.autoconfigure.web.servlet.WebDriverContextCustomizerFactory$Customizer@1caa0244, org.springframework.boot.test.context.SpringBootTestArgs@1, org.springframework.boot.test.context.SpringBootTestWebEnvironment@2bbaf4f0], resourceBasePath = 'src/main/webapp', contextLoader = 'org.springframework.boot.test.context.SpringBootContextLoader', parent = [null]]]
2024-03-20 14:14:17.086 DEBUG 28292 --- [           main] org.springframework.test.context.cache   : Spring test ApplicationContext cache statistics: [DefaultContextCache@723c5f86 size = 1, maxSize = 32, parentContextCount = 0, hitCount = 7, missCount = 1]
2024-03-20 14:14:17.086 DEBUG 28292 --- [           main] c.DefaultCacheAwareContextLoaderDelegate : Retrieved ApplicationContext [1250582716] from cache with key [[WebMergedContextConfiguration@74c79fa2 testClass = EasyBuyApplicationTests, locations = '{}', classes = '{class com.kgc.easybuy.EasyBuyApplication}', contextInitializerClasses = '[]', activeProfiles = '{}', propertySourceLocations = '{}', propertySourceProperties = '{org.springframework.boot.test.context.SpringBootTestContextBootstrapper=true}', contextCustomizers = set[org.springframework.boot.test.context.filter.ExcludeFilterContextCustomizer@235ecd9f, org.springframework.boot.test.json.DuplicateJsonObjectContextCustomizerFactory$DuplicateJsonObjectContextCustomizer@2034b64c, org.springframework.boot.test.mock.mockito.MockitoContextCustomizer@0, org.springframework.boot.test.web.client.TestRestTemplateContextCustomizer@4a83a74a, org.springframework.boot.test.autoconfigure.properties.PropertyMappingContextCustomizer@0, org.springframework.boot.test.autoconfigure.web.servlet.WebDriverContextCustomizerFactory$Customizer@1caa0244, org.springframework.boot.test.context.SpringBootTestArgs@1, org.springframework.boot.test.context.SpringBootTestWebEnvironment@2bbaf4f0], resourceBasePath = 'src/main/webapp', contextLoader = 'org.springframework.boot.test.context.SpringBootContextLoader', parent = [null]]]
2024-03-20 14:14:17.086 DEBUG 28292 --- [           main] org.springframework.test.context.cache   : Spring test ApplicationContext cache statistics: [DefaultContextCache@723c5f86 size = 1, maxSize = 32, parentContextCount = 0, hitCount = 8, missCount = 1]
2024-03-20 14:14:17.088 DEBUG 28292 --- [           main] c.DefaultCacheAwareContextLoaderDelegate : Retrieved ApplicationContext [1250582716] from cache with key [[WebMergedContextConfiguration@74c79fa2 testClass = EasyBuyApplicationTests, locations = '{}', classes = '{class com.kgc.easybuy.EasyBuyApplication}', contextInitializerClasses = '[]', activeProfiles = '{}', propertySourceLocations = '{}', propertySourceProperties = '{org.springframework.boot.test.context.SpringBootTestContextBootstrapper=true}', contextCustomizers = set[org.springframework.boot.test.context.filter.ExcludeFilterContextCustomizer@235ecd9f, org.springframework.boot.test.json.DuplicateJsonObjectContextCustomizerFactory$DuplicateJsonObjectContextCustomizer@2034b64c, org.springframework.boot.test.mock.mockito.MockitoContextCustomizer@0, org.springframework.boot.test.web.client.TestRestTemplateContextCustomizer@4a83a74a, org.springframework.boot.test.autoconfigure.properties.PropertyMappingContextCustomizer@0, org.springframework.boot.test.autoconfigure.web.servlet.WebDriverContextCustomizerFactory$Customizer@1caa0244, org.springframework.boot.test.context.SpringBootTestArgs@1, org.springframework.boot.test.context.SpringBootTestWebEnvironment@2bbaf4f0], resourceBasePath = 'src/main/webapp', contextLoader = 'org.springframework.boot.test.context.SpringBootContextLoader', parent = [null]]]
2024-03-20 14:14:17.088 DEBUG 28292 --- [           main] org.springframework.test.context.cache   : Spring test ApplicationContext cache statistics: [DefaultContextCache@723c5f86 size = 1, maxSize = 32, parentContextCount = 0, hitCount = 9, missCount = 1]
2024-03-20 14:14:17.091 DEBUG 28292 --- [           main] c.DefaultCacheAwareContextLoaderDelegate : Retrieved ApplicationContext [1250582716] from cache with key [[WebMergedContextConfiguration@74c79fa2 testClass = EasyBuyApplicationTests, locations = '{}', classes = '{class com.kgc.easybuy.EasyBuyApplication}', contextInitializerClasses = '[]', activeProfiles = '{}', propertySourceLocations = '{}', propertySourceProperties = '{org.springframework.boot.test.context.SpringBootTestContextBootstrapper=true}', contextCustomizers = set[org.springframework.boot.test.context.filter.ExcludeFilterContextCustomizer@235ecd9f, org.springframework.boot.test.json.DuplicateJsonObjectContextCustomizerFactory$DuplicateJsonObjectContextCustomizer@2034b64c, org.springframework.boot.test.mock.mockito.MockitoContextCustomizer@0, org.springframework.boot.test.web.client.TestRestTemplateContextCustomizer@4a83a74a, org.springframework.boot.test.autoconfigure.properties.PropertyMappingContextCustomizer@0, org.springframework.boot.test.autoconfigure.web.servlet.WebDriverContextCustomizerFactory$Customizer@1caa0244, org.springframework.boot.test.context.SpringBootTestArgs@1, org.springframework.boot.test.context.SpringBootTestWebEnvironment@2bbaf4f0], resourceBasePath = 'src/main/webapp', contextLoader = 'org.springframework.boot.test.context.SpringBootContextLoader', parent = [null]]]
2024-03-20 14:14:17.091 DEBUG 28292 --- [           main] org.springframework.test.context.cache   : Spring test ApplicationContext cache statistics: [DefaultContextCache@723c5f86 size = 1, maxSize = 32, parentContextCount = 0, hitCount = 10, missCount = 1]
2024-03-20 14:14:17.094 DEBUG 28292 --- [           main] c.DefaultCacheAwareContextLoaderDelegate : Retrieved ApplicationContext [1250582716] from cache with key [[WebMergedContextConfiguration@74c79fa2 testClass = EasyBuyApplicationTests, locations = '{}', classes = '{class com.kgc.easybuy.EasyBuyApplication}', contextInitializerClasses = '[]', activeProfiles = '{}', propertySourceLocations = '{}', propertySourceProperties = '{org.springframework.boot.test.context.SpringBootTestContextBootstrapper=true}', contextCustomizers = set[org.springframework.boot.test.context.filter.ExcludeFilterContextCustomizer@235ecd9f, org.springframework.boot.test.json.DuplicateJsonObjectContextCustomizerFactory$DuplicateJsonObjectContextCustomizer@2034b64c, org.springframework.boot.test.mock.mockito.MockitoContextCustomizer@0, org.springframework.boot.test.web.client.TestRestTemplateContextCustomizer@4a83a74a, org.springframework.boot.test.autoconfigure.properties.PropertyMappingContextCustomizer@0, org.springframework.boot.test.autoconfigure.web.servlet.WebDriverContextCustomizerFactory$Customizer@1caa0244, org.springframework.boot.test.context.SpringBootTestArgs@1, org.springframework.boot.test.context.SpringBootTestWebEnvironment@2bbaf4f0], resourceBasePath = 'src/main/webapp', contextLoader = 'org.springframework.boot.test.context.SpringBootContextLoader', parent = [null]]]
2024-03-20 14:14:17.094 DEBUG 28292 --- [           main] org.springframework.test.context.cache   : Spring test ApplicationContext cache statistics: [DefaultContextCache@723c5f86 size = 1, maxSize = 32, parentContextCount = 0, hitCount = 11, missCount = 1]
2024-03-20 14:14:17.096 DEBUG 28292 --- [           main] tractDirtiesContextTestExecutionListener : After test method: context [DefaultTestContext@5d5f10b2 testClass = EasyBuyApplicationTests, testInstance = com.kgc.easybuy.EasyBuyApplicationTests@64a8d575, testMethod = contextLoads@EasyBuyApplicationTests, testException = [null], mergedContextConfiguration = [WebMergedContextConfiguration@74c79fa2 testClass = EasyBuyApplicationTests, locations = '{}', classes = '{class com.kgc.easybuy.EasyBuyApplication}', contextInitializerClasses = '[]', activeProfiles = '{}', propertySourceLocations = '{}', propertySourceProperties = '{org.springframework.boot.test.context.SpringBootTestContextBootstrapper=true}', contextCustomizers = set[org.springframework.boot.test.context.filter.ExcludeFilterContextCustomizer@235ecd9f, org.springframework.boot.test.json.DuplicateJsonObjectContextCustomizerFactory$DuplicateJsonObjectContextCustomizer@2034b64c, org.springframework.boot.test.mock.mockito.MockitoContextCustomizer@0, org.springframework.boot.test.web.client.TestRestTemplateContextCustomizer@4a83a74a, org.springframework.boot.test.autoconfigure.properties.PropertyMappingContextCustomizer@0, org.springframework.boot.test.autoconfigure.web.servlet.WebDriverContextCustomizerFactory$Customizer@1caa0244, org.springframework.boot.test.context.SpringBootTestArgs@1, org.springframework.boot.test.context.SpringBootTestWebEnvironment@2bbaf4f0], resourceBasePath = 'src/main/webapp', contextLoader = 'org.springframework.boot.test.context.SpringBootContextLoader', parent = [null]], attributes = map['org.springframework.test.context.web.ServletTestExecutionListener.activateListener' -> true, 'org.springframework.test.context.web.ServletTestExecutionListener.populatedRequestContextHolder' -> true, 'org.springframework.test.context.web.ServletTestExecutionListener.resetRequestContextHolder' -> true]], class annotated with @DirtiesContext [false] with mode [null], method annotated with @DirtiesContext [false] with mode [null].
2024-03-20 14:14:17.097 DEBUG 28292 --- [           main] o.s.t.c.w.ServletTestExecutionListener   : Resetting RequestContextHolder for test context [DefaultTestContext@5d5f10b2 testClass = EasyBuyApplicationTests, testInstance = com.kgc.easybuy.EasyBuyApplicationTests@64a8d575, testMethod = contextLoads@EasyBuyApplicationTests, testException = [null], mergedContextConfiguration = [WebMergedContextConfiguration@74c79fa2 testClass = EasyBuyApplicationTests, locations = '{}', classes = '{class com.kgc.easybuy.EasyBuyApplication}', contextInitializerClasses = '[]', activeProfiles = '{}', propertySourceLocations = '{}', propertySourceProperties = '{org.springframework.boot.test.context.SpringBootTestContextBootstrapper=true}', contextCustomizers = set[org.springframework.boot.test.context.filter.ExcludeFilterContextCustomizer@235ecd9f, org.springframework.boot.test.json.DuplicateJsonObjectContextCustomizerFactory$DuplicateJsonObjectContextCustomizer@2034b64c, org.springframework.boot.test.mock.mockito.MockitoContextCustomizer@0, org.springframework.boot.test.web.client.TestRestTemplateContextCustomizer@4a83a74a, org.springframework.boot.test.autoconfigure.properties.PropertyMappingContextCustomizer@0, org.springframework.boot.test.autoconfigure.web.servlet.WebDriverContextCustomizerFactory$Customizer@1caa0244, org.springframework.boot.test.context.SpringBootTestArgs@1, org.springframework.boot.test.context.SpringBootTestWebEnvironment@2bbaf4f0], resourceBasePath = 'src/main/webapp', contextLoader = 'org.springframework.boot.test.context.SpringBootContextLoader', parent = [null]], attributes = map['org.springframework.test.context.web.ServletTestExecutionListener.activateListener' -> true, 'org.springframework.test.context.web.ServletTestExecutionListener.populatedRequestContextHolder' -> true, 'org.springframework.test.context.web.ServletTestExecutionListener.resetRequestContextHolder' -> true]].
]]></system-out>
  </testcase>
</testsuite>